#
# There is insufficient memory for the Java Runtime Environment to continue.
# Native memory allocation (mmap) failed to map 87031808 bytes for committing reserved memory.
# Possible reasons:
#   The system is out of physical RAM or swap space
#   In 32 bit mode, the process size limit was hit
# Possible solutions:
#   Reduce memory load on the system
#   Increase physical memory or swap space
#   Check if swap backing store is full
#   Use 64 bit Java on a 64 bit OS
#   Decrease Java heap size (-Xmx/-Xms)
#   Decrease number of Java threads
#   Decrease Java thread stack sizes (-Xss)
#   Set larger code cache with -XX:ReservedCodeCacheSize=
# This output file may be truncated or incomplete.
#
#  Out of Memory Error (os_linux.cpp:2673), pid=927, tid=139991788242688
#
# JRE version: Java(TM) SE Runtime Environment (8.0_45-b14) (build 1.8.0_45-b14)
# Java VM: Java HotSpot(TM) 64-Bit Server VM (25.45-b02 mixed mode linux-amd64 compressed oops)
# Failed to write core dump. Core dumps have been disabled. To enable core dumping, try "ulimit -c unlimited" before starting Java again
#

---------------  T H R E A D  ---------------

Current thread (0x00007f5278078000):  VMThread [stack: 0x00007f5260bf4000,0x00007f5260cf5000] [id=971]

Stack: [0x00007f5260bf4000,0x00007f5260cf5000],  sp=0x00007f5260cf3160,  free space=1020k
Native frames: (J=compiled Java code, j=interpreted, Vv=VM code, C=native code)
V  [libjvm.so+0xaac99a]  VMError::report_and_die()+0x2ba
V  [libjvm.so+0x4f333b]  report_vm_out_of_memory(char const*, int, unsigned long, VMErrorType, char const*)+0x8b
V  [libjvm.so+0x90e7c3]  os::Linux::commit_memory_impl(char*, unsigned long, bool)+0x103
V  [libjvm.so+0x90ed19]  os::pd_commit_memory(char*, unsigned long, unsigned long, bool)+0x29
V  [libjvm.so+0x90867a]  os::commit_memory(char*, unsigned long, unsigned long, bool)+0x2a
V  [libjvm.so+0x97bac3]  PSVirtualSpace::expand_by(unsigned long)+0x53
V  [libjvm.so+0x97cec8]  PSYoungGen::resize_generation(unsigned long, unsigned long)+0xf8
V  [libjvm.so+0x97c022]  PSYoungGen::resize(unsigned long, unsigned long)+0x22
V  [libjvm.so+0x9792fb]  PSScavenge::invoke_no_policy()+0xf7b
V  [libjvm.so+0x979a81]  PSScavenge::invoke()+0x41
V  [libjvm.so+0x932050]  ParallelScavengeHeap::failed_mem_allocate(unsigned long)+0x70
V  [libjvm.so+0xaae1d7]  VM_ParallelGCFailedAllocation::doit()+0x97
V  [libjvm.so+0xab59c5]  VM_Operation::evaluate()+0x55
V  [libjvm.so+0xab3d9a]  VMThread::evaluate_operation(VM_Operation*)+0xba
V  [libjvm.so+0xab411e]  VMThread::loop()+0x1ce
V  [libjvm.so+0xab4590]  VMThread::run()+0x70
V  [libjvm.so+0x910de8]  java_start(Thread*)+0x108

VM_Operation (0x00007f527f3d2820): ParallelGCFailedAllocation, mode: safepoint, requested by thread 0x00007f527800a000


---------------  P R O C E S S  ---------------

Java Threads: ( => current thread )
  0x00007f52780c3000 JavaThread "Service Thread" daemon [_thread_blocked, id=998, stack(0x00007f525bbfc000,0x00007f525bcfd000)]
  0x00007f52780be000 JavaThread "C1 CompilerThread2" daemon [_thread_blocked, id=996, stack(0x00007f525bcfd000,0x00007f525bdfe000)]
  0x00007f52780bc800 JavaThread "C2 CompilerThread1" daemon [_thread_in_native, id=990, stack(0x00007f525bdfe000,0x00007f525beff000)]
  0x00007f52780b9800 JavaThread "C2 CompilerThread0" daemon [_thread_blocked, id=985, stack(0x00007f525beff000,0x00007f525c000000)]
  0x00007f52780b8000 JavaThread "Signal Dispatcher" daemon [_thread_blocked, id=983, stack(0x00007f52600de000,0x00007f52601df000)]
  0x00007f527807f000 JavaThread "Finalizer" daemon [_thread_blocked, id=978, stack(0x00007f52609f2000,0x00007f5260af3000)]
  0x00007f527807d000 JavaThread "Reference Handler" daemon [_thread_blocked, id=975, stack(0x00007f5260af3000,0x00007f5260bf4000)]
  0x00007f527800a000 JavaThread "main" [_thread_blocked, id=938, stack(0x00007f527f2d4000,0x00007f527f3d5000)]

Other Threads:
=>0x00007f5278078000 VMThread [stack: 0x00007f5260bf4000,0x00007f5260cf5000] [id=971]
  0x00007f52780c5800 WatcherThread [stack: 0x00007f525bafb000,0x00007f525bbfc000] [id=1004]

VM state:at safepoint (normal execution)

VM Mutex/Monitor currently owned by a thread:  ([mutex/lock_event])
[0x00007f52780064e0] Threads_lock - owner thread: 0x00007f5278078000
[0x00007f52780069e0] Heap_lock - owner thread: 0x00007f527800a000

Heap:
 PSYoungGen      total 138752K, used 17908K [0x00000000eab00000, 0x00000000f4800000, 0x0000000100000000)
  eden space 120832K, 0% used [0x00000000eab00000,0x00000000eab00000,0x00000000f2100000)
  from space 17920K, 99% used [0x00000000f2100000,0x00000000f327d268,0x00000000f3280000)
  to   space 13824K, 0% used [0x00000000f3280000,0x00000000f3280000,0x00000000f4000000)
 ParOldGen       total 42496K, used 38980K [0x00000000c0000000, 0x00000000c2980000, 0x00000000eab00000)
  object space 42496K, 91% used [0x00000000c0000000,0x00000000c2611288,0x00000000c2980000)
 Metaspace       used 6034K, capacity 7152K, committed 7296K, reserved 1056768K
  class space    used 571K, capacity 616K, committed 640K, reserved 1048576K

Card table byte_map: [0x00007f5268dff000,0x00007f5269000000] byte_map_base: 0x00007f52687ff000

Marking Bits: (ParMarkBitMap*) 0x00007f527e7af760
 Begin Bits: [0x00007f5262000000, 0x00007f5263000000)
 End Bits:   [0x00007f5263000000, 0x00007f5264000000)

Polling page: 0x00007f527f3f6000

CodeCache: size=245760Kb used=8243Kb max_used=8252Kb free=237516Kb
 bounds [0x00007f5269000000, 0x00007f5269820000, 0x00007f5278000000]
 total_blobs=2110 nmethods=1845 adapters=178
 compilation: enabled

Compilation events (10 events):
Event: 13,666 Thread 0x00007f52780be000 1951       3       java.util.HashMap$HashIterator::nextNode (100 bytes)
Event: 13,666 Thread 0x00007f52780be000 nmethod 1951 0x00007f52697fa250 code [0x00007f52697fa400, 0x00007f52697fa8d8]
Event: 13,700 Thread 0x00007f52780be000 1952       2       com.android.dx.rop.code.SwitchInsn::accept (8 bytes)
Event: 13,700 Thread 0x00007f52780be000 nmethod 1952 0x00007f52697f9ed0 code [0x00007f52697fa040, 0x00007f52697fa1c8]
Event: 13,926 Thread 0x00007f52780be000 1955   !   2       com.android.dx.cf.direct.DirectClassFile$DcfTypeList::<init> (137 bytes)
Event: 13,934 Thread 0x00007f52780be000 nmethod 1955 0x00007f52697f7890 code [0x00007f52697f7b60, 0x00007f52697f8998]
Event: 13,934 Thread 0x00007f52780be000 1956       2       java.io.FilterInputStream::available (8 bytes)
Event: 13,934 Thread 0x00007f52780be000 nmethod 1956 0x00007f52697f7510 code [0x00007f52697f7680, 0x00007f52697f7808]
Event: 13,934 Thread 0x00007f52780be000 1957       2       com.android.dx.util.ByteArray$MyInputStream::available (13 bytes)
Event: 13,934 Thread 0x00007f52780be000 nmethod 1957 0x00007f52697f71d0 code [0x00007f52697f7320, 0x00007f52697f7470]

GC Heap History (10 events):
Event: 6,675 GC heap after
Heap after GC invocations=4 (full 0):
 PSYoungGen      total 34304K, used 2544K [0x00000000eab00000, 0x00000000ecf00000, 0x0000000100000000)
  eden space 31744K, 0% used [0x00000000eab00000,0x00000000eab00000,0x00000000eca00000)
  from space 2560K, 99% used [0x00000000ecc80000,0x00000000ecefc2a8,0x00000000ecf00000)
  to   space 2560K, 0% used [0x00000000eca00000,0x00000000eca00000,0x00000000ecc80000)
 ParOldGen       total 42496K, used 8126K [0x00000000c0000000, 0x00000000c2980000, 0x00000000eab00000)
  object space 42496K, 19% used [0x00000000c0000000,0x00000000c07ef940,0x00000000c2980000)
 Metaspace       used 5802K, capacity 7024K, committed 7296K, reserved 1056768K
  class space    used 551K, capacity 616K, committed 640K, reserved 1048576K
}
Event: 8,063 GC heap before
{Heap before GC invocations=5 (full 0):
 PSYoungGen      total 34304K, used 34288K [0x00000000eab00000, 0x00000000ecf00000, 0x0000000100000000)
  eden space 31744K, 100% used [0x00000000eab00000,0x00000000eca00000,0x00000000eca00000)
  from space 2560K, 99% used [0x00000000ecc80000,0x00000000ecefc2a8,0x00000000ecf00000)
  to   space 2560K, 0% used [0x00000000eca00000,0x00000000eca00000,0x00000000ecc80000)
 ParOldGen       total 42496K, used 8126K [0x00000000c0000000, 0x00000000c2980000, 0x00000000eab00000)
  object space 42496K, 19% used [0x00000000c0000000,0x00000000c07ef940,0x00000000c2980000)
 Metaspace       used 5841K, capacity 7088K, committed 7296K, reserved 1056768K
  class space    used 551K, capacity 616K, committed 640K, reserved 1048576K
Event: 8,193 GC heap after
Heap after GC invocations=5 (full 0):
 PSYoungGen      total 34304K, used 2532K [0x00000000eab00000, 0x00000000ef700000, 0x0000000100000000)
  eden space 31744K, 0% used [0x00000000eab00000,0x00000000eab00000,0x00000000eca00000)
  from space 2560K, 98% used [0x00000000eca00000,0x00000000ecc79228,0x00000000ecc80000)
  to   space 7168K, 0% used [0x00000000ef000000,0x00000000ef000000,0x00000000ef700000)
 ParOldGen       total 42496K, used 12585K [0x00000000c0000000, 0x00000000c2980000, 0x00000000eab00000)
  object space 42496K, 29% used [0x00000000c0000000,0x00000000c0c4a7c8,0x00000000c2980000)
 Metaspace       used 5841K, capacity 7088K, committed 7296K, reserved 1056768K
  class space    used 551K, capacity 616K, committed 640K, reserved 1048576K
}
Event: 9,598 GC heap before
{Heap before GC invocations=6 (full 0):
 PSYoungGen      total 34304K, used 34276K [0x00000000eab00000, 0x00000000ef700000, 0x0000000100000000)
  eden space 31744K, 100% used [0x00000000eab00000,0x00000000eca00000,0x00000000eca00000)
  from space 2560K, 98% used [0x00000000eca00000,0x00000000ecc79228,0x00000000ecc80000)
  to   space 7168K, 0% used [0x00000000ef000000,0x00000000ef000000,0x00000000ef700000)
 ParOldGen       total 42496K, used 12585K [0x00000000c0000000, 0x00000000c2980000, 0x00000000eab00000)
  object space 42496K, 29% used [0x00000000c0000000,0x00000000c0c4a7c8,0x00000000c2980000)
 Metaspace       used 5864K, capacity 7088K, committed 7296K, reserved 1056768K
  class space    used 552K, capacity 616K, committed 640K, reserved 1048576K
Event: 9,653 GC heap after
Heap after GC invocations=6 (full 0):
 PSYoungGen      total 69632K, used 7156K [0x00000000eab00000, 0x00000000ef900000, 0x0000000100000000)
  eden space 62464K, 0% used [0x00000000eab00000,0x00000000eab00000,0x00000000ee800000)
  from space 7168K, 99% used [0x00000000ef000000,0x00000000ef6fd248,0x00000000ef700000)
  to   space 8192K, 0% used [0x00000000ee800000,0x00000000ee800000,0x00000000ef000000)
 ParOldGen       total 42496K, used 12779K [0x00000000c0000000, 0x00000000c2980000, 0x00000000eab00000)
  object space 42496K, 30% used [0x00000000c0000000,0x00000000c0c7ae70,0x00000000c2980000)
 Metaspace       used 5864K, capacity 7088K, committed 7296K, reserved 1056768K
  class space    used 552K, capacity 616K, committed 640K, reserved 1048576K
}
Event: 11,032 GC heap before
{Heap before GC invocations=7 (full 0):
 PSYoungGen      total 69632K, used 69620K [0x00000000eab00000, 0x00000000ef900000, 0x0000000100000000)
  eden space 62464K, 100% used [0x00000000eab00000,0x00000000ee800000,0x00000000ee800000)
  from space 7168K, 99% used [0x00000000ef000000,0x00000000ef6fd248,0x00000000ef700000)
  to   space 8192K, 0% used [0x00000000ee800000,0x00000000ee800000,0x00000000ef000000)
 ParOldGen       total 42496K, used 12779K [0x00000000c0000000, 0x00000000c2980000, 0x00000000eab00000)
  object space 42496K, 30% used [0x00000000c0000000,0x00000000c0c7ae70,0x00000000c2980000)
 Metaspace       used 5921K, capacity 7152K, committed 7296K, reserved 1056768K
  class space    used 552K, capacity 616K, committed 640K, reserved 1048576K
Event: 11,119 GC heap after
Heap after GC invocations=7 (full 0):
 PSYoungGen      total 70656K, used 8177K [0x00000000eab00000, 0x00000000f4000000, 0x0000000100000000)
  eden space 62464K, 0% used [0x00000000eab00000,0x00000000eab00000,0x00000000ee800000)
  from space 8192K, 99% used [0x00000000ee800000,0x00000000eeffc450,0x00000000ef000000)
  to   space 13824K, 0% used [0x00000000f3280000,0x00000000f3280000,0x00000000f4000000)
 ParOldGen       total 42496K, used 21504K [0x00000000c0000000, 0x00000000c2980000, 0x00000000eab00000)
  object space 42496K, 50% used [0x00000000c0000000,0x00000000c1500088,0x00000000c2980000)
 Metaspace       used 5921K, capacity 7152K, committed 7296K, reserved 1056768K
  class space    used 552K, capacity 616K, committed 640K, reserved 1048576K
}
Event: 11,834 GC heap before
{Heap before GC invocations=8 (full 0):
 PSYoungGen      total 70656K, used 70641K [0x00000000eab00000, 0x00000000f4000000, 0x0000000100000000)
  eden space 62464K, 100% used [0x00000000eab00000,0x00000000ee800000,0x00000000ee800000)
  from space 8192K, 99% used [0x00000000ee800000,0x00000000eeffc450,0x00000000ef000000)
  to   space 13824K, 0% used [0x00000000f3280000,0x00000000f3280000,0x00000000f4000000)
 ParOldGen       total 42496K, used 21504K [0x00000000c0000000, 0x00000000c2980000, 0x00000000eab00000)
  object space 42496K, 50% used [0x00000000c0000000,0x00000000c1500088,0x00000000c2980000)
 Metaspace       used 5931K, capacity 7152K, committed 7296K, reserved 1056768K
  class space    used 552K, capacity 616K, committed 640K, reserved 1048576K
Event: 11,922 GC heap after
Heap after GC invocations=8 (full 0):
 PSYoungGen      total 134656K, used 13808K [0x00000000eab00000, 0x00000000f4800000, 0x0000000100000000)
  eden space 120832K, 0% used [0x00000000eab00000,0x00000000eab00000,0x00000000f2100000)
  from space 13824K, 99% used [0x00000000f3280000,0x00000000f3ffc158,0x00000000f4000000)
  to   space 17920K, 0% used [0x00000000f2100000,0x00000000f2100000,0x00000000f3280000)
 ParOldGen       total 42496K, used 25829K [0x00000000c0000000, 0x00000000c2980000, 0x00000000eab00000)
  object space 42496K, 60% used [0x00000000c0000000,0x00000000c1939640,0x00000000c2980000)
 Metaspace       used 5931K, capacity 7152K, committed 7296K, reserved 1056768K
  class space    used 552K, capacity 616K, committed 640K, reserved 1048576K
}
Event: 14,460 GC heap before
{Heap before GC invocations=9 (full 0):
 PSYoungGen      total 134656K, used 134640K [0x00000000eab00000, 0x00000000f4800000, 0x0000000100000000)
  eden space 120832K, 100% used [0x00000000eab00000,0x00000000f2100000,0x00000000f2100000)
  from space 13824K, 99% used [0x00000000f3280000,0x00000000f3ffc158,0x00000000f4000000)
  to   space 17920K, 0% used [0x00000000f2100000,0x00000000f2100000,0x00000000f3280000)
 ParOldGen       total 42496K, used 25829K [0x00000000c0000000, 0x00000000c2980000, 0x00000000eab00000)
  object space 42496K, 60% used [0x00000000c0000000,0x00000000c1939640,0x00000000c2980000)
 Metaspace       used 6034K, capacity 7152K, committed 7296K, reserved 1056768K
  class space    used 571K, capacity 616K, committed 640K, reserved 1048576K

Deoptimization events (10 events):
Event: 11,618 Thread 0x00007f527800a000 Uncommon trap: reason=class_check action=maybe_recompile pc=0x00007f526944b5d0 method=java.util.HashMap.putVal(ILjava/lang/Object;Ljava/lang/Object;ZZ)Ljava/lang/Object; @ 203
Event: 11,618 Thread 0x00007f527800a000 Uncommon trap: reason=class_check action=maybe_recompile pc=0x00007f526944b5d0 method=java.util.HashMap.putVal(ILjava/lang/Object;Ljava/lang/Object;ZZ)Ljava/lang/Object; @ 203
Event: 11,618 Thread 0x00007f527800a000 Uncommon trap: reason=class_check action=maybe_recompile pc=0x00007f526944b5d0 method=java.util.HashMap.putVal(ILjava/lang/Object;Ljava/lang/Object;ZZ)Ljava/lang/Object; @ 203
Event: 12,125 Thread 0x00007f527800a000 Uncommon trap: reason=class_check action=maybe_recompile pc=0x00007f526944b5d0 method=java.util.HashMap.putVal(ILjava/lang/Object;Ljava/lang/Object;ZZ)Ljava/lang/Object; @ 203
Event: 12,404 Thread 0x00007f527800a000 Uncommon trap: reason=bimorphic action=maybe_recompile pc=0x00007f52697b22c4 method=com.android.dx.cf.code.BytecodeArray.parseInstruction(ILcom/android/dx/cf/code/BytecodeArray$Visitor;)I @ 1501
Event: 12,412 Thread 0x00007f527800a000 Uncommon trap: reason=bimorphic action=maybe_recompile pc=0x00007f52697b22c4 method=com.android.dx.cf.code.BytecodeArray.parseInstruction(ILcom/android/dx/cf/code/BytecodeArray$Visitor;)I @ 1501
Event: 13,084 Thread 0x00007f527800a000 Uncommon trap: reason=unstable_if action=reinterpret pc=0x00007f5269782a68 method=com.android.dx.rop.cst.CstNat.equals(Ljava/lang/Object;)Z @ 25
Event: 13,103 Thread 0x00007f527800a000 Uncommon trap: reason=unstable_if action=reinterpret pc=0x00007f52697a4e6c method=java.util.HashMap.putVal(ILjava/lang/Object;Ljava/lang/Object;ZZ)Ljava/lang/Object; @ 94
Event: 13,397 Thread 0x00007f527800a000 Uncommon trap: reason=unstable_if action=reinterpret pc=0x00007f526963871c method=java.util.HashMap.getNode(ILjava/lang/Object;)Ljava/util/HashMap$Node; @ 84
Event: 13,604 Thread 0x00007f527800a000 Uncommon trap: reason=unstable_if action=reinterpret pc=0x00007f5269339c84 method=java.util.HashMap.putVal(ILjava/lang/Object;Ljava/lang/Object;ZZ)Ljava/lang/Object; @ 162

Internal exceptions (7 events):
Event: 0,206 Thread 0x00007f527800a000 Exception <a 'java/lang/NoSuchMethodError': Method sun.misc.Unsafe.defineClass(Ljava/lang/String;[BII)Ljava/lang/Class; name or signature does not match> (0x00000000eab12a38) thrown at [/RE-WORK/workspace/8-2-build-linux-amd64/jdk8u45/3457/hotspot/src/sha
Event: 0,206 Thread 0x00007f527800a000 Exception <a 'java/lang/NoSuchMethodError': Method sun.misc.Unsafe.prefetchRead(Ljava/lang/Object;J)V name or signature does not match> (0x00000000eab12cc8) thrown at [/RE-WORK/workspace/8-2-build-linux-amd64/jdk8u45/3457/hotspot/src/share/vm/prims/jni.cp
Event: 4,385 Thread 0x00007f527800a000 Implicit null exception at 0x00007f5269357297 to 0x00007f526935919d
Event: 6,284 Thread 0x00007f527800a000 Implicit null exception at 0x00007f526957b4a2 to 0x00007f526957b593
Event: 13,396 Thread 0x00007f527800a000 Exception <a 'java/lang/ArrayIndexOutOfBoundsException': 18> (0x00000000efb81f30) thrown at [/RE-WORK/workspace/8-2-build-linux-amd64/jdk8u45/3457/hotspot/src/share/vm/interpreter/interpreterRuntime.cpp, line 366]
Event: 13,614 Thread 0x00007f527800a000 Exception <a 'java/lang/ArrayIndexOutOfBoundsException'> (0x00000000f0afa218) thrown at [/RE-WORK/workspace/8-2-build-linux-amd64/jdk8u45/3457/hotspot/src/share/vm/runtime/sharedRuntime.cpp, line 605]
Event: 13,626 Thread 0x00007f527800a000 Exception <a 'java/lang/ArrayIndexOutOfBoundsException'> (0x00000000f0afb450) thrown at [/RE-WORK/workspace/8-2-build-linux-amd64/jdk8u45/3457/hotspot/src/share/vm/runtime/sharedRuntime.cpp, line 605]

Events (10 events):
Event: 13,626 loading class sun/reflect/generics/reflectiveObjects/ParameterizedTypeImpl done
Event: 13,627 loading class java/lang/reflect/TypeVariable
Event: 13,627 loading class java/lang/reflect/TypeVariable done
Event: 13,627 loading class sun/reflect/generics/reflectiveObjects/TypeVariableImpl
Event: 13,628 loading class sun/reflect/generics/reflectiveObjects/LazyReflectiveObjectGenerator
Event: 13,628 loading class sun/reflect/generics/reflectiveObjects/LazyReflectiveObjectGenerator done
Event: 13,628 loading class sun/reflect/generics/reflectiveObjects/TypeVariableImpl done
Event: 13,666 Thread 0x00007f527800a000 DEOPT PACKING pc=0x00007f526966d442 sp=0x00007f527f3d2840
Event: 13,667 Thread 0x00007f527800a000 DEOPT UNPACKING pc=0x00007f5269047633 sp=0x00007f527f3d2590 mode 0
Event: 14,453 Executing VM operation: ParallelGCFailedAllocation


Dynamic libraries:
00400000-00401000 r-xp 00000000 08:05 7484368                            /usr/lib/jvm/java-8-oracle/bin/java
00600000-00601000 rw-p 00000000 08:05 7484368                            /usr/lib/jvm/java-8-oracle/bin/java
00e43000-00e64000 rw-p 00000000 00:00 0                                  [heap]
c0000000-c2980000 rw-p 00000000 00:00 0 
c2980000-eab00000 ---p 00000000 00:00 0 
eab00000-f4800000 rw-p 00000000 00:00 0 
f9b00000-100000000 ---p 00000000 00:00 0 
100000000-1000a0000 rw-p 00000000 00:00 0 
1000a0000-140000000 ---p 00000000 00:00 0 
7f522c000000-7f522c021000 rw-p 00000000 00:00 0 
7f522c021000-7f5230000000 ---p 00000000 00:00 0 
7f5230000000-7f5230021000 rw-p 00000000 00:00 0 
7f5230021000-7f5234000000 ---p 00000000 00:00 0 
7f5234000000-7f5235307000 rw-p 00000000 00:00 0 
7f5235307000-7f5238000000 ---p 00000000 00:00 0 
7f5238000000-7f5238986000 rw-p 00000000 00:00 0 
7f5238986000-7f523c000000 ---p 00000000 00:00 0 
7f523c000000-7f523c021000 rw-p 00000000 00:00 0 
7f523c021000-7f5240000000 ---p 00000000 00:00 0 
7f5240000000-7f52412e6000 rw-p 00000000 00:00 0 
7f52412e6000-7f5244000000 ---p 00000000 00:00 0 
7f5244000000-7f5244021000 rw-p 00000000 00:00 0 
7f5244021000-7f5248000000 ---p 00000000 00:00 0 
7f5248000000-7f5248021000 rw-p 00000000 00:00 0 
7f5248021000-7f524c000000 ---p 00000000 00:00 0 
7f524c000000-7f524c021000 rw-p 00000000 00:00 0 
7f524c021000-7f5250000000 ---p 00000000 00:00 0 
7f5250000000-7f525028a000 rw-p 00000000 00:00 0 
7f525028a000-7f5254000000 ---p 00000000 00:00 0 
7f5254000000-7f5254021000 rw-p 00000000 00:00 0 
7f5254021000-7f5258000000 ---p 00000000 00:00 0 
7f525bafb000-7f525bafc000 ---p 00000000 00:00 0 
7f525bafc000-7f525bbfc000 rw-p 00000000 00:00 0                          [stack:1004]
7f525bbfc000-7f525bbff000 ---p 00000000 00:00 0 
7f525bbff000-7f525bcfd000 rw-p 00000000 00:00 0                          [stack:998]
7f525bcfd000-7f525bd00000 ---p 00000000 00:00 0 
7f525bd00000-7f525bdfe000 rw-p 00000000 00:00 0                          [stack:996]
7f525bdfe000-7f525be01000 ---p 00000000 00:00 0 
7f525be01000-7f525beff000 rw-p 00000000 00:00 0                          [stack:990]
7f525beff000-7f525bf02000 ---p 00000000 00:00 0 
7f525bf02000-7f525c000000 rw-p 00000000 00:00 0                          [stack:985]
7f525c000000-7f525c021000 rw-p 00000000 00:00 0 
7f525c021000-7f5260000000 ---p 00000000 00:00 0 
7f52600de000-7f52600e1000 ---p 00000000 00:00 0 
7f52600e1000-7f52601df000 rw-p 00000000 00:00 0                          [stack:983]
7f52601df000-7f52609f2000 r--p 00000000 08:05 6560694                    /usr/lib/locale/locale-archive
7f52609f2000-7f52609f5000 ---p 00000000 00:00 0 
7f52609f5000-7f5260af3000 rw-p 00000000 00:00 0                          [stack:978]
7f5260af3000-7f5260af6000 ---p 00000000 00:00 0 
7f5260af6000-7f5260bf4000 rw-p 00000000 00:00 0                          [stack:975]
7f5260bf4000-7f5260bf5000 ---p 00000000 00:00 0 
7f5260bf5000-7f5261e80000 rw-p 00000000 00:00 0                          [stack:971]
7f5261e80000-7f5262000000 ---p 00000000 00:00 0 
7f5262000000-7f5264000000 rw-p 00000000 00:00 0 
7f5264000000-7f5264021000 rw-p 00000000 00:00 0 
7f5264021000-7f5268000000 ---p 00000000 00:00 0 
7f5268032000-7f5268044000 r--s 000c6000 08:05 6039383                    /home/j/workspace/android/ant/app/build/intermediates/exploded-aar/com.android.support/support-v4/22.1.0/classes.jar
7f5268044000-7f52684cc000 rw-p 00000000 00:00 0 
7f52684cc000-7f52686a5000 r--s 03d09000 08:05 7484542                    /usr/lib/jvm/java-8-oracle/jre/lib/rt.jar
7f52686a5000-7f52688a5000 rw-p 00000000 00:00 0 
7f52688a5000-7f52688a6000 ---p 00000000 00:00 0 
7f52688a6000-7f52689a6000 rw-p 00000000 00:00 0                          [stack:959]
7f52689a6000-7f52689a7000 ---p 00000000 00:00 0 
7f52689a7000-7f5268aa7000 rw-p 00000000 00:00 0                          [stack:958]
7f5268aa7000-7f5268aa8000 ---p 00000000 00:00 0 
7f5268aa8000-7f5268ba8000 rw-p 00000000 00:00 0                          [stack:957]
7f5268ba8000-7f5268ba9000 ---p 00000000 00:00 0 
7f5268ba9000-7f5268cbe000 rw-p 00000000 00:00 0                          [stack:955]
7f5268cbe000-7f5268dff000 ---p 00000000 00:00 0 
7f5268dff000-7f5268e14000 rw-p 00000000 00:00 0 
7f5268e14000-7f5268f54000 ---p 00000000 00:00 0 
7f5268f54000-7f5268fa3000 rw-p 00000000 00:00 0 
7f5268fa3000-7f5268fff000 ---p 00000000 00:00 0 
7f5268fff000-7f5269000000 rw-p 00000000 00:00 0 
7f5269000000-7f5269820000 rwxp 00000000 00:00 0 
7f5269820000-7f5278000000 ---p 00000000 00:00 0 
7f5278000000-7f527839a000 rw-p 00000000 00:00 0 
7f527839a000-7f527c000000 ---p 00000000 00:00 0 
7f527c00c000-7f527c01b000 r--s 000dd000 08:05 4593945                    /home/j/Android/Sdk/build-tools/21.1.2/lib/dx.jar
7f527c01b000-7f527c0d3000 rw-p 00000000 00:00 0 
7f527c0d3000-7f527c472000 ---p 00000000 00:00 0 
7f527c472000-7f527c48c000 r-xp 00000000 08:05 7484485                    /usr/lib/jvm/java-8-oracle/jre/lib/amd64/libzip.so
7f527c48c000-7f527c68c000 ---p 0001a000 08:05 7484485                    /usr/lib/jvm/java-8-oracle/jre/lib/amd64/libzip.so
7f527c68c000-7f527c68d000 rw-p 0001a000 08:05 7484485                    /usr/lib/jvm/java-8-oracle/jre/lib/amd64/libzip.so
7f527c68d000-7f527c698000 r-xp 00000000 08:05 6291482                    /lib/x86_64-linux-gnu/libnss_files-2.19.so
7f527c698000-7f527c897000 ---p 0000b000 08:05 6291482                    /lib/x86_64-linux-gnu/libnss_files-2.19.so
7f527c897000-7f527c898000 r--p 0000a000 08:05 6291482                    /lib/x86_64-linux-gnu/libnss_files-2.19.so
7f527c898000-7f527c899000 rw-p 0000b000 08:05 6291482                    /lib/x86_64-linux-gnu/libnss_files-2.19.so
7f527c899000-7f527c8a4000 r-xp 00000000 08:05 6295402                    /lib/x86_64-linux-gnu/libnss_nis-2.19.so
7f527c8a4000-7f527caa3000 ---p 0000b000 08:05 6295402                    /lib/x86_64-linux-gnu/libnss_nis-2.19.so
7f527caa3000-7f527caa4000 r--p 0000a000 08:05 6295402                    /lib/x86_64-linux-gnu/libnss_nis-2.19.so
7f527caa4000-7f527caa5000 rw-p 0000b000 08:05 6295402                    /lib/x86_64-linux-gnu/libnss_nis-2.19.so
7f527caa5000-7f527cabc000 r-xp 00000000 08:05 6291551                    /lib/x86_64-linux-gnu/libnsl-2.19.so
7f527cabc000-7f527ccbb000 ---p 00017000 08:05 6291551                    /lib/x86_64-linux-gnu/libnsl-2.19.so
7f527ccbb000-7f527ccbc000 r--p 00016000 08:05 6291551                    /lib/x86_64-linux-gnu/libnsl-2.19.so
7f527ccbc000-7f527ccbd000 rw-p 00017000 08:05 6291551                    /lib/x86_64-linux-gnu/libnsl-2.19.so
7f527ccbd000-7f527ccbf000 rw-p 00000000 00:00 0 
7f527ccbf000-7f527ccc8000 r-xp 00000000 08:05 6291550                    /lib/x86_64-linux-gnu/libnss_compat-2.19.so
7f527ccc8000-7f527cec7000 ---p 00009000 08:05 6291550                    /lib/x86_64-linux-gnu/libnss_compat-2.19.so
7f527cec7000-7f527cec8000 r--p 00008000 08:05 6291550                    /lib/x86_64-linux-gnu/libnss_compat-2.19.so
7f527cec8000-7f527cec9000 rw-p 00009000 08:05 6291550                    /lib/x86_64-linux-gnu/libnss_compat-2.19.so
7f527cec9000-7f527cef3000 r-xp 00000000 08:05 7484504                    /usr/lib/jvm/java-8-oracle/jre/lib/amd64/libjava.so
7f527cef3000-7f527d0f3000 ---p 0002a000 08:05 7484504                    /usr/lib/jvm/java-8-oracle/jre/lib/amd64/libjava.so
7f527d0f3000-7f527d0f5000 rw-p 0002a000 08:05 7484504                    /usr/lib/jvm/java-8-oracle/jre/lib/amd64/libjava.so
7f527d0f5000-7f527d102000 r-xp 00000000 08:05 7484480                    /usr/lib/jvm/java-8-oracle/jre/lib/amd64/libverify.so
7f527d102000-7f527d302000 ---p 0000d000 08:05 7484480                    /usr/lib/jvm/java-8-oracle/jre/lib/amd64/libverify.so
7f527d302000-7f527d304000 rw-p 0000d000 08:05 7484480                    /usr/lib/jvm/java-8-oracle/jre/lib/amd64/libverify.so
7f527d304000-7f527d30b000 r-xp 00000000 08:05 6291559                    /lib/x86_64-linux-gnu/librt-2.19.so
7f527d30b000-7f527d50a000 ---p 00007000 08:05 6291559                    /lib/x86_64-linux-gnu/librt-2.19.so
7f527d50a000-7f527d50b000 r--p 00006000 08:05 6291559                    /lib/x86_64-linux-gnu/librt-2.19.so
7f527d50b000-7f527d50c000 rw-p 00007000 08:05 6291559                    /lib/x86_64-linux-gnu/librt-2.19.so
7f527d50c000-7f527d611000 r-xp 00000000 08:05 6291475                    /lib/x86_64-linux-gnu/libm-2.19.so
7f527d611000-7f527d810000 ---p 00105000 08:05 6291475                    /lib/x86_64-linux-gnu/libm-2.19.so
7f527d810000-7f527d811000 r--p 00104000 08:05 6291475                    /lib/x86_64-linux-gnu/libm-2.19.so
7f527d811000-7f527d812000 rw-p 00105000 08:05 6291475                    /lib/x86_64-linux-gnu/libm-2.19.so
7f527d812000-7f527e4c0000 r-xp 00000000 08:05 7484501                    /usr/lib/jvm/java-8-oracle/jre/lib/amd64/server/libjvm.so
7f527e4c0000-7f527e6bf000 ---p 00cae000 08:05 7484501                    /usr/lib/jvm/java-8-oracle/jre/lib/amd64/server/libjvm.so
7f527e6bf000-7f527e796000 rw-p 00cad000 08:05 7484501                    /usr/lib/jvm/java-8-oracle/jre/lib/amd64/server/libjvm.so
7f527e796000-7f527e7da000 rw-p 00000000 00:00 0 
7f527e7da000-7f527e995000 r-xp 00000000 08:05 6291556                    /lib/x86_64-linux-gnu/libc-2.19.so
7f527e995000-7f527eb94000 ---p 001bb000 08:05 6291556                    /lib/x86_64-linux-gnu/libc-2.19.so
7f527eb94000-7f527eb98000 r--p 001ba000 08:05 6291556                    /lib/x86_64-linux-gnu/libc-2.19.so
7f527eb98000-7f527eb9a000 rw-p 001be000 08:05 6291556                    /lib/x86_64-linux-gnu/libc-2.19.so
7f527eb9a000-7f527eb9f000 rw-p 00000000 00:00 0 
7f527eb9f000-7f527eba2000 r-xp 00000000 08:05 6291545                    /lib/x86_64-linux-gnu/libdl-2.19.so
7f527eba2000-7f527eda1000 ---p 00003000 08:05 6291545                    /lib/x86_64-linux-gnu/libdl-2.19.so
7f527eda1000-7f527eda2000 r--p 00002000 08:05 6291545                    /lib/x86_64-linux-gnu/libdl-2.19.so
7f527eda2000-7f527eda3000 rw-p 00003000 08:05 6291545                    /lib/x86_64-linux-gnu/libdl-2.19.so
7f527eda3000-7f527edb8000 r-xp 00000000 08:05 526126                     /usr/lib/jvm/java-8-oracle/lib/amd64/jli/libjli.so
7f527edb8000-7f527efb8000 ---p 00015000 08:05 526126                     /usr/lib/jvm/java-8-oracle/lib/amd64/jli/libjli.so
7f527efb8000-7f527efb9000 rw-p 00015000 08:05 526126                     /usr/lib/jvm/java-8-oracle/lib/amd64/jli/libjli.so
7f527efb9000-7f527efd2000 r-xp 00000000 08:05 6291557                    /lib/x86_64-linux-gnu/libpthread-2.19.so
7f527efd2000-7f527f1d1000 ---p 00019000 08:05 6291557                    /lib/x86_64-linux-gnu/libpthread-2.19.so
7f527f1d1000-7f527f1d2000 r--p 00018000 08:05 6291557                    /lib/x86_64-linux-gnu/libpthread-2.19.so
7f527f1d2000-7f527f1d3000 rw-p 00019000 08:05 6291557                    /lib/x86_64-linux-gnu/libpthread-2.19.so
7f527f1d3000-7f527f1d7000 rw-p 00000000 00:00 0 
7f527f1d7000-7f527f1fa000 r-xp 00000000 08:05 6291553                    /lib/x86_64-linux-gnu/ld-2.19.so
7f527f201000-7f527f2d4000 rw-p 00000000 00:00 0 
7f527f2d4000-7f527f2d7000 ---p 00000000 00:00 0 
7f527f2d7000-7f527f3ed000 rw-p 00000000 00:00 0                          [stack:938]
7f527f3ed000-7f527f3f5000 rw-s 00000000 08:05 2633301                    /tmp/hsperfdata_j/927
7f527f3f5000-7f527f3f6000 rw-p 00000000 00:00 0 
7f527f3f6000-7f527f3f7000 ---p 00000000 00:00 0 
7f527f3f7000-7f527f3f9000 rw-p 00000000 00:00 0 
7f527f3f9000-7f527f3fa000 r--p 00022000 08:05 6291553                    /lib/x86_64-linux-gnu/ld-2.19.so
7f527f3fa000-7f527f3fb000 rw-p 00023000 08:05 6291553                    /lib/x86_64-linux-gnu/ld-2.19.so
7f527f3fb000-7f527f3fc000 rw-p 00000000 00:00 0 
7ffcaba91000-7ffcabab2000 rw-p 00000000 00:00 0                          [stack]
7ffcabbe6000-7ffcabbe8000 r-xp 00000000 00:00 0                          [vdso]
ffffffffff600000-ffffffffff601000 r-xp 00000000 00:00 0                  [vsyscall]

VM Arguments:
jvm_args: -Xmx1024M -Dfile.encoding=UTF-8 -Duser.country=US -Duser.language=en -Duser.variant 
java_command: com.android.dx.command.Main --dex --output /home/j/workspace/android/ant/app/build/intermediates/pre-dexed/debug/classes-c47a294a9d6749e68c4975bd90d698625ca0126f.jar /home/j/workspace/android/ant/app/build/intermediates/exploded-aar/com.android.support/support-v4/22.1.0/classes.jar
java_class_path (initial): /home/j/Android/Sdk/build-tools/21.1.2/lib/dx.jar
Launcher Type: SUN_STANDARD

Environment Variables:
CLASSPATH=/usr/local/android-studio/bin/../lib/bootstrap.jar:/usr/local/android-studio/bin/../lib/extensions.jar:/usr/local/android-studio/bin/../lib/util.jar:/usr/local/android-studio/bin/../lib/jdom.jar:/usr/local/android-studio/bin/../lib/log4j.jar:/usr/local/android-studio/bin/../lib/trove4j.jar:/usr/local/android-studio/bin/../lib/jna.jar:/usr/lib/jvm/java-8-oracle/lib/tools.jar
PATH=/usr/local/sbin:/usr/local/bin:/usr/sbin:/usr/bin:/sbin:/bin:/usr/games:/usr/local/games
LD_LIBRARY_PATH=/usr/local/android-studio/bin:
SHELL=/bin/bash
DISPLAY=:0

Signal Handlers:
SIGSEGV: [libjvm.so+0xaad1e0], sa_mask[0]=11111111011111111101111111111110, sa_flags=SA_RESTART|SA_SIGINFO
SIGBUS: [libjvm.so+0xaad1e0], sa_mask[0]=11111111011111111101111111111110, sa_flags=SA_RESTART|SA_SIGINFO
SIGFPE: [libjvm.so+0x90b450], sa_mask[0]=11111111011111111101111111111110, sa_flags=SA_RESTART|SA_SIGINFO
SIGPIPE: [libjvm.so+0x90b450], sa_mask[0]=11111111011111111101111111111110, sa_flags=SA_RESTART|SA_SIGINFO
SIGXFSZ: [libjvm.so+0x90b450], sa_mask[0]=11111111011111111101111111111110, sa_flags=SA_RESTART|SA_SIGINFO
SIGILL: [libjvm.so+0x90b450], sa_mask[0]=11111111011111111101111111111110, sa_flags=SA_RESTART|SA_SIGINFO
SIGUSR1: SIG_DFL, sa_mask[0]=00000000000000000000000000000000, sa_flags=none
SIGUSR2: [libjvm.so+0x90ca90], sa_mask[0]=00100000000000000000000000000000, sa_flags=SA_RESTART|SA_SIGINFO
SIGHUP: [libjvm.so+0x90dde0], sa_mask[0]=11111111011111111101111111111110, sa_flags=SA_RESTART|SA_SIGINFO
SIGINT: [libjvm.so+0x90dde0], sa_mask[0]=11111111011111111101111111111110, sa_flags=SA_RESTART|SA_SIGINFO
SIGTERM: [libjvm.so+0x90dde0], sa_mask[0]=11111111011111111101111111111110, sa_flags=SA_RESTART|SA_SIGINFO
SIGQUIT: [libjvm.so+0x90dde0], sa_mask[0]=11111111011111111101111111111110, sa_flags=SA_RESTART|SA_SIGINFO


---------------  S Y S T E M  ---------------

OS:DISTRIB_ID=Ubuntu
DISTRIB_RELEASE=14.04
DISTRIB_CODENAME=trusty
DISTRIB_DESCRIPTION="Ubuntu 14.04.2 LTS"

uname:Linux 3.13.0-55-generic #92-Ubuntu SMP Sun Jun 14 18:32:20 UTC 2015 x86_64
libc:glibc 2.19 NPTL 2.19 
rlimit: STACK 8192k, CORE 0k, NPROC 30712, NOFILE 4096, AS infinity
load average:4,74 2,47 1,55

/proc/meminfo:
MemTotal:        3952860 kB
MemFree:           85584 kB
Buffers:             312 kB
Cached:           269212 kB
SwapCached:         8076 kB
Active:          2684952 kB
Inactive:         929600 kB
Active(anon):    2678556 kB
Inactive(anon):   901820 kB
Active(file):       6396 kB
Inactive(file):    27780 kB
Unevictable:        3316 kB
Mlocked:            3316 kB
SwapTotal:       4098044 kB
SwapFree:             16 kB
Dirty:               220 kB
Writeback:             8 kB
AnonPages:       3343128 kB
Mapped:            70972 kB
Shmem:            233796 kB
Slab:              79984 kB
SReclaimable:      35100 kB
SUnreclaim:        44884 kB
KernelStack:        7280 kB
PageTables:        74568 kB
NFS_Unstable:          0 kB
Bounce:                0 kB
WritebackTmp:          0 kB
CommitLimit:     6074472 kB
Committed_AS:   16638052 kB
VmallocTotal:   34359738367 kB
VmallocUsed:      366876 kB
VmallocChunk:   34359312940 kB
HardwareCorrupted:     0 kB
AnonHugePages:    190464 kB
HugePages_Total:       0
HugePages_Free:        0
HugePages_Rsvd:        0
HugePages_Surp:        0
Hugepagesize:       2048 kB
DirectMap4k:      155192 kB
DirectMap2M:     3944448 kB


CPU:total 4 (2 cores per cpu, 2 threads per core) family 6 model 42 stepping 7, cmov, cx8, fxsr, mmx, sse, sse2, sse3, ssse3, sse4.1, sse4.2, popcnt, avx, clmul, ht, tsc, tscinvbit

/proc/cpuinfo:
processor	: 0
vendor_id	: GenuineIntel
cpu family	: 6
model		: 42
model name	: Intel(R) Core(TM) i3-2350M CPU @ 2.30GHz
stepping	: 7
microcode	: 0x1b
cpu MHz		: 2300.000
cache size	: 3072 KB
physical id	: 0
siblings	: 4
core id		: 0
cpu cores	: 2
apicid		: 0
initial apicid	: 0
fpu		: yes
fpu_exception	: yes
cpuid level	: 13
wp		: yes
flags		: fpu vme de pse tsc msr pae mce cx8 apic sep mtrr pge mca cmov pat pse36 clflush dts acpi mmx fxsr sse sse2 ss ht tm pbe syscall nx rdtscp lm constant_tsc arch_perfmon pebs bts rep_good nopl xtopology nonstop_tsc aperfmperf eagerfpu pni pclmulqdq dtes64 monitor ds_cpl vmx est tm2 ssse3 cx16 xtpr pdcm pcid sse4_1 sse4_2 x2apic popcnt tsc_deadline_timer xsave avx lahf_lm arat epb xsaveopt pln pts dtherm tpr_shadow vnmi flexpriority ept vpid
bogomips	: 4589.54
clflush size	: 64
cache_alignment	: 64
address sizes	: 36 bits physical, 48 bits virtual
power management:

processor	: 1
vendor_id	: GenuineIntel
cpu family	: 6
model		: 42
model name	: Intel(R) Core(TM) i3-2350M CPU @ 2.30GHz
stepping	: 7
microcode	: 0x1b
cpu MHz		: 2300.000
cache size	: 3072 KB
physical id	: 0
siblings	: 4
core id		: 1
cpu cores	: 2
apicid		: 2
initial apicid	: 2
fpu		: yes
fpu_exception	: yes
cpuid level	: 13
wp		: yes
flags		: fpu vme de pse tsc msr pae mce cx8 apic sep mtrr pge mca cmov pat pse36 clflush dts acpi mmx fxsr sse sse2 ss ht tm pbe syscall nx rdtscp lm constant_tsc arch_perfmon pebs bts rep_good nopl xtopology nonstop_tsc aperfmperf eagerfpu pni pclmulqdq dtes64 monitor ds_cpl vmx est tm2 ssse3 cx16 xtpr pdcm pcid sse4_1 sse4_2 x2apic popcnt tsc_deadline_timer xsave avx lahf_lm arat epb xsaveopt pln pts dtherm tpr_shadow vnmi flexpriority ept vpid
bogomips	: 4589.54
clflush size	: 64
cache_alignment	: 64
address sizes	: 36 bits physical, 48 bits virtual
power management:

processor	: 2
vendor_id	: GenuineIntel
cpu family	: 6
model		: 42
model name	: Intel(R) Core(TM) i3-2350M CPU @ 2.30GHz
stepping	: 7
microcode	: 0x1b
cpu MHz		: 2300.000
cache size	: 3072 KB
physical id	: 0
siblings	: 4
core id		: 0
cpu cores	: 2
apicid		: 1
initial apicid	: 1
fpu		: yes
fpu_exception	: yes
cpuid level	: 13
wp		: yes
flags		: fpu vme de pse tsc msr pae mce cx8 apic sep mtrr pge mca cmov pat pse36 clflush dts acpi mmx fxsr sse sse2 ss ht tm pbe syscall nx rdtscp lm constant_tsc arch_perfmon pebs bts rep_good nopl xtopology nonstop_tsc aperfmperf eagerfpu pni pclmulqdq dtes64 monitor ds_cpl vmx est tm2 ssse3 cx16 xtpr pdcm pcid sse4_1 sse4_2 x2apic popcnt tsc_deadline_timer xsave avx lahf_lm arat epb xsaveopt pln pts dtherm tpr_shadow vnmi flexpriority ept vpid
bogomips	: 4589.54
clflush size	: 64
cache_alignment	: 64
address sizes	: 36 bits physical, 48 bits virtual
power management:

processor	: 3
vendor_id	: GenuineIntel
cpu family	: 6
model		: 42
model name	: Intel(R) Core(TM) i3-2350M CPU @ 2.30GHz
stepping	: 7
microcode	: 0x1b
cpu MHz		: 2300.000
cache size	: 3072 KB
physical id	: 0
siblings	: 4
core id		: 1
cpu cores	: 2
apicid		: 3
initial apicid	: 3
fpu		: yes
fpu_exception	: yes
cpuid level	: 13
wp		: yes
flags		: fpu vme de pse tsc msr pae mce cx8 apic sep mtrr pge mca cmov pat pse36 clflush dts acpi mmx fxsr sse sse2 ss ht tm pbe syscall nx rdtscp lm constant_tsc arch_perfmon pebs bts rep_good nopl xtopology nonstop_tsc aperfmperf eagerfpu pni pclmulqdq dtes64 monitor ds_cpl vmx est tm2 ssse3 cx16 xtpr pdcm pcid sse4_1 sse4_2 x2apic popcnt tsc_deadline_timer xsave avx lahf_lm arat epb xsaveopt pln pts dtherm tpr_shadow vnmi flexpriority ept vpid
bogomips	: 4589.54
clflush size	: 64
cache_alignment	: 64
address sizes	: 36 bits physical, 48 bits virtual
power management:



Memory: 4k page, physical 3952860k(90964k free), swap 4098044k(0k free)

vm_info: Java HotSpot(TM) 64-Bit Server VM (25.45-b02) for linux-amd64 JRE (1.8.0_45-b14), built on Apr 10 2015 10:07:45 by "java_re" with gcc 4.3.0 20080428 (Red Hat 4.3.0-8)

time: Wed Jun 24 13:56:11 2015
elapsed time: 15 seconds (0d 0h 0m 15s)

