#
# There is insufficient memory for the Java Runtime Environment to continue.
# Native memory allocation (mmap) failed to map 85983232 bytes for committing reserved memory.
# Possible reasons:
#   The system is out of physical RAM or swap space
#   In 32 bit mode, the process size limit was hit
# Possible solutions:
#   Reduce memory load on the system
#   Increase physical memory or swap space
#   Check if swap backing store is full
#   Use 64 bit Java on a 64 bit OS
#   Decrease Java heap size (-Xmx/-Xms)
#   Decrease number of Java threads
#   Decrease Java thread stack sizes (-Xss)
#   Set larger code cache with -XX:ReservedCodeCacheSize=
# This output file may be truncated or incomplete.
#
#  Out of Memory Error (os_linux.cpp:2673), pid=1166, tid=139851978471168
#
# JRE version: Java(TM) SE Runtime Environment (8.0_45-b14) (build 1.8.0_45-b14)
# Java VM: Java HotSpot(TM) 64-Bit Server VM (25.45-b02 mixed mode linux-amd64 compressed oops)
# Failed to write core dump. Core dumps have been disabled. To enable core dumping, try "ulimit -c unlimited" before starting Java again
#

---------------  T H R E A D  ---------------

Current thread (0x00007f31f0078000):  VMThread [stack: 0x00007f31d36f7000,0x00007f31d37f8000] [id=1207]

Stack: [0x00007f31d36f7000,0x00007f31d37f8000],  sp=0x00007f31d37f61e0,  free space=1020k
Native frames: (J=compiled Java code, j=interpreted, Vv=VM code, C=native code)
V  [libjvm.so+0xaac99a]  VMError::report_and_die()+0x2ba
V  [libjvm.so+0x4f333b]  report_vm_out_of_memory(char const*, int, unsigned long, VMErrorType, char const*)+0x8b
V  [libjvm.so+0x90e7c3]  os::Linux::commit_memory_impl(char*, unsigned long, bool)+0x103
V  [libjvm.so+0x90ed19]  os::pd_commit_memory(char*, unsigned long, unsigned long, bool)+0x29
V  [libjvm.so+0x90867a]  os::commit_memory(char*, unsigned long, unsigned long, bool)+0x2a
V  [libjvm.so+0x97bac3]  PSVirtualSpace::expand_by(unsigned long)+0x53
V  [libjvm.so+0x97cec8]  PSYoungGen::resize_generation(unsigned long, unsigned long)+0xf8
V  [libjvm.so+0x97c022]  PSYoungGen::resize(unsigned long, unsigned long)+0x22
V  [libjvm.so+0x9792fb]  PSScavenge::invoke_no_policy()+0xf7b
V  [libjvm.so+0x979a81]  PSScavenge::invoke()+0x41
V  [libjvm.so+0x932050]  ParallelScavengeHeap::failed_mem_allocate(unsigned long)+0x70
V  [libjvm.so+0xaae1d7]  VM_ParallelGCFailedAllocation::doit()+0x97
V  [libjvm.so+0xab59c5]  VM_Operation::evaluate()+0x55
V  [libjvm.so+0xab3d9a]  VMThread::evaluate_operation(VM_Operation*)+0xba
V  [libjvm.so+0xab411e]  VMThread::loop()+0x1ce
V  [libjvm.so+0xab4590]  VMThread::run()+0x70
V  [libjvm.so+0x910de8]  java_start(Thread*)+0x108

VM_Operation (0x00007f31f9e7a920): ParallelGCFailedAllocation, mode: safepoint, requested by thread 0x00007f31f000a000


---------------  P R O C E S S  ---------------

Java Threads: ( => current thread )
  0x00007f31f00c9800 JavaThread "Service Thread" daemon [_thread_blocked, id=1232, stack(0x00007f31d27dd000,0x00007f31d28de000)]
  0x00007f31f00bc000 JavaThread "C1 CompilerThread2" daemon [_thread_blocked, id=1226, stack(0x00007f31d28de000,0x00007f31d29df000)]
  0x00007f31f00ba800 JavaThread "C2 CompilerThread1" daemon [_thread_blocked, id=1225, stack(0x00007f31d29df000,0x00007f31d2ae0000)]
  0x00007f31f00b7800 JavaThread "C2 CompilerThread0" daemon [_thread_blocked, id=1224, stack(0x00007f31d2ae0000,0x00007f31d2be1000)]
  0x00007f31f00b6000 JavaThread "Signal Dispatcher" daemon [_thread_blocked, id=1222, stack(0x00007f31d2be1000,0x00007f31d2ce2000)]
  0x00007f31f007f000 JavaThread "Finalizer" daemon [_thread_blocked, id=1215, stack(0x00007f31d34f5000,0x00007f31d35f6000)]
  0x00007f31f007d000 JavaThread "Reference Handler" daemon [_thread_blocked, id=1214, stack(0x00007f31d35f6000,0x00007f31d36f7000)]
  0x00007f31f000a000 JavaThread "main" [_thread_blocked, id=1187, stack(0x00007f31f9d7c000,0x00007f31f9e7d000)]

Other Threads:
=>0x00007f31f0078000 VMThread [stack: 0x00007f31d36f7000,0x00007f31d37f8000] [id=1207]
  0x00007f31f00cc000 WatcherThread [stack: 0x00007f31d26dc000,0x00007f31d27dd000] [id=1236]

VM state:at safepoint (normal execution)

VM Mutex/Monitor currently owned by a thread:  ([mutex/lock_event])
[0x00007f31f00064e0] Threads_lock - owner thread: 0x00007f31f0078000
[0x00007f31f00069e0] Heap_lock - owner thread: 0x00007f31f000a000

Heap:
 PSYoungGen      total 138752K, used 17909K [0x00000000eab00000, 0x00000000f4800000, 0x0000000100000000)
  eden space 120832K, 0% used [0x00000000eab00000,0x00000000eab00000,0x00000000f2100000)
  from space 17920K, 99% used [0x00000000f2100000,0x00000000f327d7e8,0x00000000f3280000)
  to   space 13824K, 0% used [0x00000000f3280000,0x00000000f3280000,0x00000000f4000000)
 ParOldGen       total 42496K, used 39089K [0x00000000c0000000, 0x00000000c2980000, 0x00000000eab00000)
  object space 42496K, 91% used [0x00000000c0000000,0x00000000c262c540,0x00000000c2980000)
 Metaspace       used 6043K, capacity 7152K, committed 7296K, reserved 1056768K
  class space    used 571K, capacity 616K, committed 640K, reserved 1048576K

Card table byte_map: [0x00007f31f6959000,0x00007f31f6b5a000] byte_map_base: 0x00007f31f6359000

Marking Bits: (ParMarkBitMap*) 0x00007f31f9257760
 Begin Bits: [0x00007f31f43ff000, 0x00007f31f53ff000)
 End Bits:   [0x00007f31f53ff000, 0x00007f31f63ff000)

Polling page: 0x00007f31f9e9e000

CodeCache: size=245760Kb used=8081Kb max_used=8082Kb free=237678Kb
 bounds [0x00007f31e1000000, 0x00007f31e1800000, 0x00007f31f0000000]
 total_blobs=2105 nmethods=1839 adapters=178
 compilation: enabled

Compilation events (10 events):
Event: 13,685 Thread 0x00007f31f00bc000 1931       3       com.android.dx.ssa.SsaMethod::mapRegisters (87 bytes)
Event: 13,686 Thread 0x00007f31f00bc000 nmethod 1931 0x00007f31e17a2f10 code [0x00007f31e17a3180, 0x00007f31e17a4288]
Event: 13,723 Thread 0x00007f31f00bc000 1936       2       com.android.dx.rop.code.SwitchInsn::accept (8 bytes)
Event: 13,723 Thread 0x00007f31f00bc000 nmethod 1936 0x00007f31e17ab8d0 code [0x00007f31e17aba40, 0x00007f31e17abbc8]
Event: 13,832 Thread 0x00007f31f00bc000 1938   !   2       com.android.dx.cf.direct.DirectClassFile$DcfTypeList::<init> (137 bytes)
Event: 13,836 Thread 0x00007f31f00bc000 nmethod 1938 0x00007f31e17d7410 code [0x00007f31e17d76e0, 0x00007f31e17d8518]
Event: 13,848 Thread 0x00007f31f00bc000 1939       2       java.io.FilterInputStream::available (8 bytes)
Event: 13,848 Thread 0x00007f31f00bc000 nmethod 1939 0x00007f31e17a2190 code [0x00007f31e17a2300, 0x00007f31e17a2488]
Event: 13,848 Thread 0x00007f31f00bc000 1940       2       com.android.dx.util.ByteArray$MyInputStream::available (13 bytes)
Event: 13,849 Thread 0x00007f31f00bc000 nmethod 1940 0x00007f31e17a1e50 code [0x00007f31e17a1fa0, 0x00007f31e17a20f0]

GC Heap History (10 events):
Event: 5,327 GC heap after
Heap after GC invocations=4 (full 0):
 PSYoungGen      total 34304K, used 2529K [0x00000000eab00000, 0x00000000ecf00000, 0x0000000100000000)
  eden space 31744K, 0% used [0x00000000eab00000,0x00000000eab00000,0x00000000eca00000)
  from space 2560K, 98% used [0x00000000ecc80000,0x00000000ecef8570,0x00000000ecf00000)
  to   space 2560K, 0% used [0x00000000eca00000,0x00000000eca00000,0x00000000ecc80000)
 ParOldGen       total 42496K, used 8191K [0x00000000c0000000, 0x00000000c2980000, 0x00000000eab00000)
  object space 42496K, 19% used [0x00000000c0000000,0x00000000c07ffd00,0x00000000c2980000)
 Metaspace       used 5819K, capacity 7024K, committed 7296K, reserved 1056768K
  class space    used 551K, capacity 616K, committed 640K, reserved 1048576K
}
Event: 6,636 GC heap before
{Heap before GC invocations=5 (full 0):
 PSYoungGen      total 34304K, used 34273K [0x00000000eab00000, 0x00000000ecf00000, 0x0000000100000000)
  eden space 31744K, 100% used [0x00000000eab00000,0x00000000eca00000,0x00000000eca00000)
  from space 2560K, 98% used [0x00000000ecc80000,0x00000000ecef8570,0x00000000ecf00000)
  to   space 2560K, 0% used [0x00000000eca00000,0x00000000eca00000,0x00000000ecc80000)
 ParOldGen       total 42496K, used 8191K [0x00000000c0000000, 0x00000000c2980000, 0x00000000eab00000)
  object space 42496K, 19% used [0x00000000c0000000,0x00000000c07ffd00,0x00000000c2980000)
 Metaspace       used 5852K, capacity 7088K, committed 7296K, reserved 1056768K
  class space    used 551K, capacity 616K, committed 640K, reserved 1048576K
Event: 6,699 GC heap after
Heap after GC invocations=5 (full 0):
 PSYoungGen      total 34304K, used 2532K [0x00000000eab00000, 0x00000000ef700000, 0x0000000100000000)
  eden space 31744K, 0% used [0x00000000eab00000,0x00000000eab00000,0x00000000eca00000)
  from space 2560K, 98% used [0x00000000eca00000,0x00000000ecc79228,0x00000000ecc80000)
  to   space 7168K, 0% used [0x00000000ef000000,0x00000000ef000000,0x00000000ef700000)
 ParOldGen       total 42496K, used 12737K [0x00000000c0000000, 0x00000000c2980000, 0x00000000eab00000)
  object space 42496K, 29% used [0x00000000c0000000,0x00000000c0c70610,0x00000000c2980000)
 Metaspace       used 5852K, capacity 7088K, committed 7296K, reserved 1056768K
  class space    used 551K, capacity 616K, committed 640K, reserved 1048576K
}
Event: 7,438 GC heap before
{Heap before GC invocations=6 (full 0):
 PSYoungGen      total 34304K, used 34276K [0x00000000eab00000, 0x00000000ef700000, 0x0000000100000000)
  eden space 31744K, 100% used [0x00000000eab00000,0x00000000eca00000,0x00000000eca00000)
  from space 2560K, 98% used [0x00000000eca00000,0x00000000ecc79228,0x00000000ecc80000)
  to   space 7168K, 0% used [0x00000000ef000000,0x00000000ef000000,0x00000000ef700000)
 ParOldGen       total 42496K, used 12737K [0x00000000c0000000, 0x00000000c2980000, 0x00000000eab00000)
  object space 42496K, 29% used [0x00000000c0000000,0x00000000c0c70610,0x00000000c2980000)
 Metaspace       used 5872K, capacity 7088K, committed 7296K, reserved 1056768K
  class space    used 552K, capacity 616K, committed 640K, reserved 1048576K
Event: 7,500 GC heap after
Heap after GC invocations=6 (full 0):
 PSYoungGen      total 69632K, used 7137K [0x00000000eab00000, 0x00000000ef900000, 0x0000000100000000)
  eden space 62464K, 0% used [0x00000000eab00000,0x00000000eab00000,0x00000000ee800000)
  from space 7168K, 99% used [0x00000000ef000000,0x00000000ef6f8450,0x00000000ef700000)
  to   space 8192K, 0% used [0x00000000ee800000,0x00000000ee800000,0x00000000ef000000)
 ParOldGen       total 42496K, used 12950K [0x00000000c0000000, 0x00000000c2980000, 0x00000000eab00000)
  object space 42496K, 30% used [0x00000000c0000000,0x00000000c0ca5b78,0x00000000c2980000)
 Metaspace       used 5872K, capacity 7088K, committed 7296K, reserved 1056768K
  class space    used 552K, capacity 616K, committed 640K, reserved 1048576K
}
Event: 9,249 GC heap before
{Heap before GC invocations=7 (full 0):
 PSYoungGen      total 69632K, used 69601K [0x00000000eab00000, 0x00000000ef900000, 0x0000000100000000)
  eden space 62464K, 100% used [0x00000000eab00000,0x00000000ee800000,0x00000000ee800000)
  from space 7168K, 99% used [0x00000000ef000000,0x00000000ef6f8450,0x00000000ef700000)
  to   space 8192K, 0% used [0x00000000ee800000,0x00000000ee800000,0x00000000ef000000)
 ParOldGen       total 42496K, used 12950K [0x00000000c0000000, 0x00000000c2980000, 0x00000000eab00000)
  object space 42496K, 30% used [0x00000000c0000000,0x00000000c0ca5b78,0x00000000c2980000)
 Metaspace       used 5920K, capacity 7152K, committed 7296K, reserved 1056768K
  class space    used 552K, capacity 616K, committed 640K, reserved 1048576K
Event: 9,339 GC heap after
Heap after GC invocations=7 (full 0):
 PSYoungGen      total 70656K, used 8180K [0x00000000eab00000, 0x00000000f4000000, 0x0000000100000000)
  eden space 62464K, 0% used [0x00000000eab00000,0x00000000eab00000,0x00000000ee800000)
  from space 8192K, 99% used [0x00000000ee800000,0x00000000eeffd090,0x00000000ef000000)
  to   space 13824K, 0% used [0x00000000f3280000,0x00000000f3280000,0x00000000f4000000)
 ParOldGen       total 42496K, used 21662K [0x00000000c0000000, 0x00000000c2980000, 0x00000000eab00000)
  object space 42496K, 50% used [0x00000000c0000000,0x00000000c1527a10,0x00000000c2980000)
 Metaspace       used 5920K, capacity 7152K, committed 7296K, reserved 1056768K
  class space    used 552K, capacity 616K, committed 640K, reserved 1048576K
}
Event: 10,663 GC heap before
{Heap before GC invocations=8 (full 0):
 PSYoungGen      total 70656K, used 70644K [0x00000000eab00000, 0x00000000f4000000, 0x0000000100000000)
  eden space 62464K, 100% used [0x00000000eab00000,0x00000000ee800000,0x00000000ee800000)
  from space 8192K, 99% used [0x00000000ee800000,0x00000000eeffd090,0x00000000ef000000)
  to   space 13824K, 0% used [0x00000000f3280000,0x00000000f3280000,0x00000000f4000000)
 ParOldGen       total 42496K, used 21662K [0x00000000c0000000, 0x00000000c2980000, 0x00000000eab00000)
  object space 42496K, 50% used [0x00000000c0000000,0x00000000c1527a10,0x00000000c2980000)
 Metaspace       used 5940K, capacity 7152K, committed 7296K, reserved 1056768K
  class space    used 552K, capacity 616K, committed 640K, reserved 1048576K
Event: 10,754 GC heap after
Heap after GC invocations=8 (full 0):
 PSYoungGen      total 134656K, used 13810K [0x00000000eab00000, 0x00000000f4800000, 0x0000000100000000)
  eden space 120832K, 0% used [0x00000000eab00000,0x00000000eab00000,0x00000000f2100000)
  from space 13824K, 99% used [0x00000000f3280000,0x00000000f3ffcaa0,0x00000000f4000000)
  to   space 17920K, 0% used [0x00000000f2100000,0x00000000f2100000,0x00000000f3280000)
 ParOldGen       total 42496K, used 25979K [0x00000000c0000000, 0x00000000c2980000, 0x00000000eab00000)
  object space 42496K, 61% used [0x00000000c0000000,0x00000000c195efa8,0x00000000c2980000)
 Metaspace       used 5940K, capacity 7152K, committed 7296K, reserved 1056768K
  class space    used 552K, capacity 616K, committed 640K, reserved 1048576K
}
Event: 14,584 GC heap before
{Heap before GC invocations=9 (full 0):
 PSYoungGen      total 134656K, used 134642K [0x00000000eab00000, 0x00000000f4800000, 0x0000000100000000)
  eden space 120832K, 100% used [0x00000000eab00000,0x00000000f2100000,0x00000000f2100000)
  from space 13824K, 99% used [0x00000000f3280000,0x00000000f3ffcaa0,0x00000000f4000000)
  to   space 17920K, 0% used [0x00000000f2100000,0x00000000f2100000,0x00000000f3280000)
 ParOldGen       total 42496K, used 25979K [0x00000000c0000000, 0x00000000c2980000, 0x00000000eab00000)
  object space 42496K, 61% used [0x00000000c0000000,0x00000000c195efa8,0x00000000c2980000)
 Metaspace       used 6043K, capacity 7152K, committed 7296K, reserved 1056768K
  class space    used 571K, capacity 616K, committed 640K, reserved 1048576K

Deoptimization events (10 events):
Event: 10,296 Thread 0x00007f31f000a000 Uncommon trap: reason=bimorphic action=maybe_recompile pc=0x00007f31e1762970 method=com.android.dx.cf.code.BytecodeArray.parseInstruction(ILcom/android/dx/cf/code/BytecodeArray$Visitor;)I @ 2135
Event: 10,297 Thread 0x00007f31f000a000 Uncommon trap: reason=bimorphic action=maybe_recompile pc=0x00007f31e1762970 method=com.android.dx.cf.code.BytecodeArray.parseInstruction(ILcom/android/dx/cf/code/BytecodeArray$Visitor;)I @ 2135
Event: 10,342 Thread 0x00007f31f000a000 Uncommon trap: reason=class_check action=maybe_recompile pc=0x00007f31e15b3550 method=java.util.HashMap.putVal(ILjava/lang/Object;Ljava/lang/Object;ZZ)Ljava/lang/Object; @ 203
Event: 10,342 Thread 0x00007f31f000a000 Uncommon trap: reason=class_check action=maybe_recompile pc=0x00007f31e15b3550 method=java.util.HashMap.putVal(ILjava/lang/Object;Ljava/lang/Object;ZZ)Ljava/lang/Object; @ 203
Event: 10,343 Thread 0x00007f31f000a000 Uncommon trap: reason=class_check action=maybe_recompile pc=0x00007f31e15b3550 method=java.util.HashMap.putVal(ILjava/lang/Object;Ljava/lang/Object;ZZ)Ljava/lang/Object; @ 203
Event: 10,962 Thread 0x00007f31f000a000 Uncommon trap: reason=class_check action=maybe_recompile pc=0x00007f31e15b3550 method=java.util.HashMap.putVal(ILjava/lang/Object;Ljava/lang/Object;ZZ)Ljava/lang/Object; @ 203
Event: 12,853 Thread 0x00007f31f000a000 Uncommon trap: reason=bimorphic action=maybe_recompile pc=0x00007f31e17a9e74 method=java.util.HashMap.putVal(ILjava/lang/Object;Ljava/lang/Object;ZZ)Ljava/lang/Object; @ 203
Event: 12,853 Thread 0x00007f31f000a000 Uncommon trap: reason=unstable_if action=reinterpret pc=0x00007f31e17a9990 method=java.util.HashMap.putVal(ILjava/lang/Object;Ljava/lang/Object;ZZ)Ljava/lang/Object; @ 162
Event: 12,865 Thread 0x00007f31f000a000 Uncommon trap: reason=unstable_if action=reinterpret pc=0x00007f31e1622f1c method=java.util.HashMap.getNode(ILjava/lang/Object;)Ljava/util/HashMap$Node; @ 84
Event: 13,474 Thread 0x00007f31f000a000 Uncommon trap: reason=unstable_if action=reinterpret pc=0x00007f31e16f0a08 method=java.util.HashMap.getNode(ILjava/lang/Object;)Ljava/util/HashMap$Node; @ 84

Internal exceptions (7 events):
Event: 0,224 Thread 0x00007f31f000a000 Exception <a 'java/lang/NoSuchMethodError': Method sun.misc.Unsafe.defineClass(Ljava/lang/String;[BII)Ljava/lang/Class; name or signature does not match> (0x00000000eab12a38) thrown at [/RE-WORK/workspace/8-2-build-linux-amd64/jdk8u45/3457/hotspot/src/sha
Event: 0,224 Thread 0x00007f31f000a000 Exception <a 'java/lang/NoSuchMethodError': Method sun.misc.Unsafe.prefetchRead(Ljava/lang/Object;J)V name or signature does not match> (0x00000000eab12cc8) thrown at [/RE-WORK/workspace/8-2-build-linux-amd64/jdk8u45/3457/hotspot/src/share/vm/prims/jni.cp
Event: 3,670 Thread 0x00007f31f000a000 Implicit null exception at 0x00007f31e1398092 to 0x00007f31e139a639
Event: 5,050 Thread 0x00007f31f000a000 Implicit null exception at 0x00007f31e14622a2 to 0x00007f31e1462393
Event: 12,865 Thread 0x00007f31f000a000 Exception <a 'java/lang/ArrayIndexOutOfBoundsException': 18> (0x00000000efc27990) thrown at [/RE-WORK/workspace/8-2-build-linux-amd64/jdk8u45/3457/hotspot/src/share/vm/interpreter/interpreterRuntime.cpp, line 366]
Event: 13,459 Thread 0x00007f31f000a000 Exception <a 'java/lang/ArrayIndexOutOfBoundsException': 145> (0x00000000f0bb3898) thrown at [/RE-WORK/workspace/8-2-build-linux-amd64/jdk8u45/3457/hotspot/src/share/vm/interpreter/interpreterRuntime.cpp, line 366]
Event: 13,464 Thread 0x00007f31f000a000 Exception <a 'java/lang/ArrayIndexOutOfBoundsException'> (0x00000000f0bb4ad0) thrown at [/RE-WORK/workspace/8-2-build-linux-amd64/jdk8u45/3457/hotspot/src/share/vm/runtime/sharedRuntime.cpp, line 605]

Events (10 events):
Event: 13,464 loading class java/lang/reflect/TypeVariable
Event: 13,465 loading class java/lang/reflect/TypeVariable done
Event: 13,466 loading class sun/reflect/generics/reflectiveObjects/TypeVariableImpl
Event: 13,466 loading class sun/reflect/generics/reflectiveObjects/LazyReflectiveObjectGenerator
Event: 13,466 loading class sun/reflect/generics/reflectiveObjects/LazyReflectiveObjectGenerator done
Event: 13,466 loading class sun/reflect/generics/reflectiveObjects/TypeVariableImpl done
Event: 13,470 Thread 0x00007f31f000a000 Uncommon trap: trap_request=0xffffff65 fr.pc=0x00007f31e16f0a08
Event: 13,474 Thread 0x00007f31f000a000 DEOPT PACKING pc=0x00007f31e16f0a08 sp=0x00007f31f9e7aae0
Event: 13,474 Thread 0x00007f31f000a000 DEOPT UNPACKING pc=0x00007f31e1005229 sp=0x00007f31f9e7a808 mode 2
Event: 14,582 Executing VM operation: ParallelGCFailedAllocation


Dynamic libraries:
00400000-00401000 r-xp 00000000 08:05 7484368                            /usr/lib/jvm/java-8-oracle/bin/java
00600000-00601000 rw-p 00000000 08:05 7484368                            /usr/lib/jvm/java-8-oracle/bin/java
00d5d000-00d7e000 rw-p 00000000 00:00 0                                  [heap]
c0000000-c2980000 rw-p 00000000 00:00 0 
c2980000-eab00000 ---p 00000000 00:00 0 
eab00000-f4800000 rw-p 00000000 00:00 0 
f9a00000-100000000 ---p 00000000 00:00 0 
100000000-1000a0000 rw-p 00000000 00:00 0 
1000a0000-140000000 ---p 00000000 00:00 0 
7f31a8000000-7f31a8ac8000 rw-p 00000000 00:00 0 
7f31a8ac8000-7f31ac000000 ---p 00000000 00:00 0 
7f31ac000000-7f31ac021000 rw-p 00000000 00:00 0 
7f31ac021000-7f31b0000000 ---p 00000000 00:00 0 
7f31b0000000-7f31b1f34000 rw-p 00000000 00:00 0 
7f31b1f34000-7f31b4000000 ---p 00000000 00:00 0 
7f31b4000000-7f31b4021000 rw-p 00000000 00:00 0 
7f31b4021000-7f31b8000000 ---p 00000000 00:00 0 
7f31b8000000-7f31b8021000 rw-p 00000000 00:00 0 
7f31b8021000-7f31bc000000 ---p 00000000 00:00 0 
7f31bc000000-7f31bd4bb000 rw-p 00000000 00:00 0 
7f31bd4bb000-7f31c0000000 ---p 00000000 00:00 0 
7f31c0000000-7f31c0021000 rw-p 00000000 00:00 0 
7f31c0021000-7f31c4000000 ---p 00000000 00:00 0 
7f31c4000000-7f31c4021000 rw-p 00000000 00:00 0 
7f31c4021000-7f31c8000000 ---p 00000000 00:00 0 
7f31c8000000-7f31c828a000 rw-p 00000000 00:00 0 
7f31c828a000-7f31cc000000 ---p 00000000 00:00 0 
7f31cc000000-7f31cc021000 rw-p 00000000 00:00 0 
7f31cc021000-7f31d0000000 ---p 00000000 00:00 0 
7f31d26bb000-7f31d26cd000 r--s 000c6000 08:05 6039383                    /home/j/workspace/android/ant/app/build/intermediates/exploded-aar/com.android.support/support-v4/22.1.0/classes.jar
7f31d26cd000-7f31d26dc000 r--s 000dd000 08:05 4593945                    /home/j/Android/Sdk/build-tools/21.1.2/lib/dx.jar
7f31d26dc000-7f31d26dd000 ---p 00000000 00:00 0 
7f31d26dd000-7f31d27dd000 rw-p 00000000 00:00 0                          [stack:1236]
7f31d27dd000-7f31d27e0000 ---p 00000000 00:00 0 
7f31d27e0000-7f31d28de000 rw-p 00000000 00:00 0                          [stack:1232]
7f31d28de000-7f31d28e1000 ---p 00000000 00:00 0 
7f31d28e1000-7f31d29df000 rw-p 00000000 00:00 0                          [stack:1226]
7f31d29df000-7f31d29e2000 ---p 00000000 00:00 0 
7f31d29e2000-7f31d2ae0000 rw-p 00000000 00:00 0                          [stack:1225]
7f31d2ae0000-7f31d2ae3000 ---p 00000000 00:00 0 
7f31d2ae3000-7f31d2be1000 rw-p 00000000 00:00 0                          [stack:1224]
7f31d2be1000-7f31d2be4000 ---p 00000000 00:00 0 
7f31d2be4000-7f31d2ce2000 rw-p 00000000 00:00 0                          [stack:1222]
7f31d2ce2000-7f31d34f5000 r--p 00000000 08:05 6560694                    /usr/lib/locale/locale-archive
7f31d34f5000-7f31d34f8000 ---p 00000000 00:00 0 
7f31d34f8000-7f31d35f6000 rw-p 00000000 00:00 0                          [stack:1215]
7f31d35f6000-7f31d35f9000 ---p 00000000 00:00 0 
7f31d35f9000-7f31d36f7000 rw-p 00000000 00:00 0                          [stack:1214]
7f31d36f7000-7f31d36f8000 ---p 00000000 00:00 0 
7f31d36f8000-7f31d4000000 rw-p 00000000 00:00 0                          [stack:1207]
7f31d4000000-7f31d4021000 rw-p 00000000 00:00 0 
7f31d4021000-7f31d8000000 ---p 00000000 00:00 0 
7f31d8000000-7f31d8021000 rw-p 00000000 00:00 0 
7f31d8021000-7f31dc000000 ---p 00000000 00:00 0 
7f31dc000000-7f31dc021000 rw-p 00000000 00:00 0 
7f31dc021000-7f31e0000000 ---p 00000000 00:00 0 
7f31e0000000-7f31e0627000 rw-p 00000000 00:00 0 
7f31e0627000-7f31e0800000 r--s 03d09000 08:05 7484542                    /usr/lib/jvm/java-8-oracle/jre/lib/rt.jar
7f31e0800000-7f31e0e80000 rw-p 00000000 00:00 0 
7f31e0e80000-7f31e1000000 ---p 00000000 00:00 0 
7f31e1000000-7f31e1800000 rwxp 00000000 00:00 0 
7f31e1800000-7f31f0000000 ---p 00000000 00:00 0 
7f31f0000000-7f31f0398000 rw-p 00000000 00:00 0 
7f31f0398000-7f31f4000000 ---p 00000000 00:00 0 
7f31f4004000-7f31f63ff000 rw-p 00000000 00:00 0 
7f31f63ff000-7f31f6400000 ---p 00000000 00:00 0 
7f31f6400000-7f31f6500000 rw-p 00000000 00:00 0                          [stack:1205]
7f31f6500000-7f31f6501000 ---p 00000000 00:00 0 
7f31f6501000-7f31f6601000 rw-p 00000000 00:00 0                          [stack:1202]
7f31f6601000-7f31f6602000 ---p 00000000 00:00 0 
7f31f6602000-7f31f6702000 rw-p 00000000 00:00 0                          [stack:1199]
7f31f6702000-7f31f6703000 ---p 00000000 00:00 0 
7f31f6703000-7f31f6818000 rw-p 00000000 00:00 0                          [stack:1195]
7f31f6818000-7f31f6959000 ---p 00000000 00:00 0 
7f31f6959000-7f31f696e000 rw-p 00000000 00:00 0 
7f31f696e000-7f31f6aae000 ---p 00000000 00:00 0 
7f31f6aae000-7f31f6afd000 rw-p 00000000 00:00 0 
7f31f6afd000-7f31f6b59000 ---p 00000000 00:00 0 
7f31f6b59000-7f31f6b7a000 rw-p 00000000 00:00 0 
7f31f6b7a000-7f31f6f1a000 ---p 00000000 00:00 0 
7f31f6f1a000-7f31f6f34000 r-xp 00000000 08:05 7484485                    /usr/lib/jvm/java-8-oracle/jre/lib/amd64/libzip.so
7f31f6f34000-7f31f7134000 ---p 0001a000 08:05 7484485                    /usr/lib/jvm/java-8-oracle/jre/lib/amd64/libzip.so
7f31f7134000-7f31f7135000 rw-p 0001a000 08:05 7484485                    /usr/lib/jvm/java-8-oracle/jre/lib/amd64/libzip.so
7f31f7135000-7f31f7140000 r-xp 00000000 08:05 6291482                    /lib/x86_64-linux-gnu/libnss_files-2.19.so
7f31f7140000-7f31f733f000 ---p 0000b000 08:05 6291482                    /lib/x86_64-linux-gnu/libnss_files-2.19.so
7f31f733f000-7f31f7340000 r--p 0000a000 08:05 6291482                    /lib/x86_64-linux-gnu/libnss_files-2.19.so
7f31f7340000-7f31f7341000 rw-p 0000b000 08:05 6291482                    /lib/x86_64-linux-gnu/libnss_files-2.19.so
7f31f7341000-7f31f734c000 r-xp 00000000 08:05 6295402                    /lib/x86_64-linux-gnu/libnss_nis-2.19.so
7f31f734c000-7f31f754b000 ---p 0000b000 08:05 6295402                    /lib/x86_64-linux-gnu/libnss_nis-2.19.so
7f31f754b000-7f31f754c000 r--p 0000a000 08:05 6295402                    /lib/x86_64-linux-gnu/libnss_nis-2.19.so
7f31f754c000-7f31f754d000 rw-p 0000b000 08:05 6295402                    /lib/x86_64-linux-gnu/libnss_nis-2.19.so
7f31f754d000-7f31f7564000 r-xp 00000000 08:05 6291551                    /lib/x86_64-linux-gnu/libnsl-2.19.so
7f31f7564000-7f31f7763000 ---p 00017000 08:05 6291551                    /lib/x86_64-linux-gnu/libnsl-2.19.so
7f31f7763000-7f31f7764000 r--p 00016000 08:05 6291551                    /lib/x86_64-linux-gnu/libnsl-2.19.so
7f31f7764000-7f31f7765000 rw-p 00017000 08:05 6291551                    /lib/x86_64-linux-gnu/libnsl-2.19.so
7f31f7765000-7f31f7767000 rw-p 00000000 00:00 0 
7f31f7767000-7f31f7770000 r-xp 00000000 08:05 6291550                    /lib/x86_64-linux-gnu/libnss_compat-2.19.so
7f31f7770000-7f31f796f000 ---p 00009000 08:05 6291550                    /lib/x86_64-linux-gnu/libnss_compat-2.19.so
7f31f796f000-7f31f7970000 r--p 00008000 08:05 6291550                    /lib/x86_64-linux-gnu/libnss_compat-2.19.so
7f31f7970000-7f31f7971000 rw-p 00009000 08:05 6291550                    /lib/x86_64-linux-gnu/libnss_compat-2.19.so
7f31f7971000-7f31f799b000 r-xp 00000000 08:05 7484504                    /usr/lib/jvm/java-8-oracle/jre/lib/amd64/libjava.so
7f31f799b000-7f31f7b9b000 ---p 0002a000 08:05 7484504                    /usr/lib/jvm/java-8-oracle/jre/lib/amd64/libjava.so
7f31f7b9b000-7f31f7b9d000 rw-p 0002a000 08:05 7484504                    /usr/lib/jvm/java-8-oracle/jre/lib/amd64/libjava.so
7f31f7b9d000-7f31f7baa000 r-xp 00000000 08:05 7484480                    /usr/lib/jvm/java-8-oracle/jre/lib/amd64/libverify.so
7f31f7baa000-7f31f7daa000 ---p 0000d000 08:05 7484480                    /usr/lib/jvm/java-8-oracle/jre/lib/amd64/libverify.so
7f31f7daa000-7f31f7dac000 rw-p 0000d000 08:05 7484480                    /usr/lib/jvm/java-8-oracle/jre/lib/amd64/libverify.so
7f31f7dac000-7f31f7db3000 r-xp 00000000 08:05 6291559                    /lib/x86_64-linux-gnu/librt-2.19.so
7f31f7db3000-7f31f7fb2000 ---p 00007000 08:05 6291559                    /lib/x86_64-linux-gnu/librt-2.19.so
7f31f7fb2000-7f31f7fb3000 r--p 00006000 08:05 6291559                    /lib/x86_64-linux-gnu/librt-2.19.so
7f31f7fb3000-7f31f7fb4000 rw-p 00007000 08:05 6291559                    /lib/x86_64-linux-gnu/librt-2.19.so
7f31f7fb4000-7f31f80b9000 r-xp 00000000 08:05 6291475                    /lib/x86_64-linux-gnu/libm-2.19.so
7f31f80b9000-7f31f82b8000 ---p 00105000 08:05 6291475                    /lib/x86_64-linux-gnu/libm-2.19.so
7f31f82b8000-7f31f82b9000 r--p 00104000 08:05 6291475                    /lib/x86_64-linux-gnu/libm-2.19.so
7f31f82b9000-7f31f82ba000 rw-p 00105000 08:05 6291475                    /lib/x86_64-linux-gnu/libm-2.19.so
7f31f82ba000-7f31f8f68000 r-xp 00000000 08:05 7484501                    /usr/lib/jvm/java-8-oracle/jre/lib/amd64/server/libjvm.so
7f31f8f68000-7f31f9167000 ---p 00cae000 08:05 7484501                    /usr/lib/jvm/java-8-oracle/jre/lib/amd64/server/libjvm.so
7f31f9167000-7f31f923e000 rw-p 00cad000 08:05 7484501                    /usr/lib/jvm/java-8-oracle/jre/lib/amd64/server/libjvm.so
7f31f923e000-7f31f9282000 rw-p 00000000 00:00 0 
7f31f9282000-7f31f943d000 r-xp 00000000 08:05 6291556                    /lib/x86_64-linux-gnu/libc-2.19.so
7f31f943d000-7f31f963c000 ---p 001bb000 08:05 6291556                    /lib/x86_64-linux-gnu/libc-2.19.so
7f31f963c000-7f31f9640000 r--p 001ba000 08:05 6291556                    /lib/x86_64-linux-gnu/libc-2.19.so
7f31f9640000-7f31f9642000 rw-p 001be000 08:05 6291556                    /lib/x86_64-linux-gnu/libc-2.19.so
7f31f9642000-7f31f9647000 rw-p 00000000 00:00 0 
7f31f9647000-7f31f964a000 r-xp 00000000 08:05 6291545                    /lib/x86_64-linux-gnu/libdl-2.19.so
7f31f964a000-7f31f9849000 ---p 00003000 08:05 6291545                    /lib/x86_64-linux-gnu/libdl-2.19.so
7f31f9849000-7f31f984a000 r--p 00002000 08:05 6291545                    /lib/x86_64-linux-gnu/libdl-2.19.so
7f31f984a000-7f31f984b000 rw-p 00003000 08:05 6291545                    /lib/x86_64-linux-gnu/libdl-2.19.so
7f31f984b000-7f31f9860000 r-xp 00000000 08:05 526126                     /usr/lib/jvm/java-8-oracle/lib/amd64/jli/libjli.so
7f31f9860000-7f31f9a60000 ---p 00015000 08:05 526126                     /usr/lib/jvm/java-8-oracle/lib/amd64/jli/libjli.so
7f31f9a60000-7f31f9a61000 rw-p 00015000 08:05 526126                     /usr/lib/jvm/java-8-oracle/lib/amd64/jli/libjli.so
7f31f9a61000-7f31f9a7a000 r-xp 00000000 08:05 6291557                    /lib/x86_64-linux-gnu/libpthread-2.19.so
7f31f9a7a000-7f31f9c79000 ---p 00019000 08:05 6291557                    /lib/x86_64-linux-gnu/libpthread-2.19.so
7f31f9c79000-7f31f9c7a000 r--p 00018000 08:05 6291557                    /lib/x86_64-linux-gnu/libpthread-2.19.so
7f31f9c7a000-7f31f9c7b000 rw-p 00019000 08:05 6291557                    /lib/x86_64-linux-gnu/libpthread-2.19.so
7f31f9c7b000-7f31f9c7f000 rw-p 00000000 00:00 0 
7f31f9c7f000-7f31f9ca2000 r-xp 00000000 08:05 6291553                    /lib/x86_64-linux-gnu/ld-2.19.so
7f31f9ca9000-7f31f9d7c000 rw-p 00000000 00:00 0 
7f31f9d7c000-7f31f9d7f000 ---p 00000000 00:00 0 
7f31f9d7f000-7f31f9e95000 rw-p 00000000 00:00 0                          [stack:1187]
7f31f9e95000-7f31f9e9d000 rw-s 00000000 08:05 2633305                    /tmp/hsperfdata_j/1166
7f31f9e9d000-7f31f9e9e000 rw-p 00000000 00:00 0 
7f31f9e9e000-7f31f9e9f000 ---p 00000000 00:00 0 
7f31f9e9f000-7f31f9ea1000 rw-p 00000000 00:00 0 
7f31f9ea1000-7f31f9ea2000 r--p 00022000 08:05 6291553                    /lib/x86_64-linux-gnu/ld-2.19.so
7f31f9ea2000-7f31f9ea3000 rw-p 00023000 08:05 6291553                    /lib/x86_64-linux-gnu/ld-2.19.so
7f31f9ea3000-7f31f9ea4000 rw-p 00000000 00:00 0 
7ffc75275000-7ffc75296000 rw-p 00000000 00:00 0                          [stack]
7ffc753e5000-7ffc753e7000 r-xp 00000000 00:00 0                          [vdso]
ffffffffff600000-ffffffffff601000 r-xp 00000000 00:00 0                  [vsyscall]

VM Arguments:
jvm_args: -Xmx1024M -Dfile.encoding=UTF-8 -Duser.country=US -Duser.language=en -Duser.variant 
java_command: com.android.dx.command.Main --dex --output /home/j/workspace/android/ant/app/build/intermediates/pre-dexed/debug/classes-c47a294a9d6749e68c4975bd90d698625ca0126f.jar /home/j/workspace/android/ant/app/build/intermediates/exploded-aar/com.android.support/support-v4/22.1.0/classes.jar
java_class_path (initial): /home/j/Android/Sdk/build-tools/21.1.2/lib/dx.jar
Launcher Type: SUN_STANDARD

Environment Variables:
CLASSPATH=/usr/local/android-studio/bin/../lib/bootstrap.jar:/usr/local/android-studio/bin/../lib/extensions.jar:/usr/local/android-studio/bin/../lib/util.jar:/usr/local/android-studio/bin/../lib/jdom.jar:/usr/local/android-studio/bin/../lib/log4j.jar:/usr/local/android-studio/bin/../lib/trove4j.jar:/usr/local/android-studio/bin/../lib/jna.jar:/usr/lib/jvm/java-8-oracle/lib/tools.jar
PATH=/usr/local/sbin:/usr/local/bin:/usr/sbin:/usr/bin:/sbin:/bin:/usr/games:/usr/local/games
LD_LIBRARY_PATH=/usr/local/android-studio/bin:
SHELL=/bin/bash
DISPLAY=:0

Signal Handlers:
SIGSEGV: [libjvm.so+0xaad1e0], sa_mask[0]=11111111011111111101111111111110, sa_flags=SA_RESTART|SA_SIGINFO
SIGBUS: [libjvm.so+0xaad1e0], sa_mask[0]=11111111011111111101111111111110, sa_flags=SA_RESTART|SA_SIGINFO
SIGFPE: [libjvm.so+0x90b450], sa_mask[0]=11111111011111111101111111111110, sa_flags=SA_RESTART|SA_SIGINFO
SIGPIPE: [libjvm.so+0x90b450], sa_mask[0]=11111111011111111101111111111110, sa_flags=SA_RESTART|SA_SIGINFO
SIGXFSZ: [libjvm.so+0x90b450], sa_mask[0]=11111111011111111101111111111110, sa_flags=SA_RESTART|SA_SIGINFO
SIGILL: [libjvm.so+0x90b450], sa_mask[0]=11111111011111111101111111111110, sa_flags=SA_RESTART|SA_SIGINFO
SIGUSR1: SIG_DFL, sa_mask[0]=00000000000000000000000000000000, sa_flags=none
SIGUSR2: [libjvm.so+0x90ca90], sa_mask[0]=00100000000000000000000000000000, sa_flags=SA_RESTART|SA_SIGINFO
SIGHUP: [libjvm.so+0x90dde0], sa_mask[0]=11111111011111111101111111111110, sa_flags=SA_RESTART|SA_SIGINFO
SIGINT: [libjvm.so+0x90dde0], sa_mask[0]=11111111011111111101111111111110, sa_flags=SA_RESTART|SA_SIGINFO
SIGTERM: [libjvm.so+0x90dde0], sa_mask[0]=11111111011111111101111111111110, sa_flags=SA_RESTART|SA_SIGINFO
SIGQUIT: [libjvm.so+0x90dde0], sa_mask[0]=11111111011111111101111111111110, sa_flags=SA_RESTART|SA_SIGINFO


---------------  S Y S T E M  ---------------

OS:DISTRIB_ID=Ubuntu
DISTRIB_RELEASE=14.04
DISTRIB_CODENAME=trusty
DISTRIB_DESCRIPTION="Ubuntu 14.04.2 LTS"

uname:Linux 3.13.0-55-generic #92-Ubuntu SMP Sun Jun 14 18:32:20 UTC 2015 x86_64
libc:glibc 2.19 NPTL 2.19 
rlimit: STACK 8192k, CORE 0k, NPROC 30712, NOFILE 4096, AS infinity
load average:5,60 3,02 1,81

/proc/meminfo:
MemTotal:        3952860 kB
MemFree:           85432 kB
Buffers:             300 kB
Cached:           205040 kB
SwapCached:        11856 kB
Active:          2703064 kB
Inactive:         914304 kB
Active(anon):    2694112 kB
Inactive(anon):   905200 kB
Active(file):       8952 kB
Inactive(file):     9104 kB
Unevictable:        3316 kB
Mlocked:            3316 kB
SwapTotal:       4098044 kB
SwapFree:              0 kB
Dirty:                 0 kB
Writeback:             0 kB
AnonPages:       3403572 kB
Mapped:            10608 kB
Shmem:            187100 kB
Slab:              80188 kB
SReclaimable:      35184 kB
SUnreclaim:        45004 kB
KernelStack:        7312 kB
PageTables:        75404 kB
NFS_Unstable:          0 kB
Bounce:                0 kB
WritebackTmp:          0 kB
CommitLimit:     6074472 kB
Committed_AS:   16747656 kB
VmallocTotal:   34359738367 kB
VmallocUsed:      366876 kB
VmallocChunk:   34359312940 kB
HardwareCorrupted:     0 kB
AnonHugePages:    194560 kB
HugePages_Total:       0
HugePages_Free:        0
HugePages_Rsvd:        0
HugePages_Surp:        0
Hugepagesize:       2048 kB
DirectMap4k:      155192 kB
DirectMap2M:     3944448 kB


CPU:total 4 (2 cores per cpu, 2 threads per core) family 6 model 42 stepping 7, cmov, cx8, fxsr, mmx, sse, sse2, sse3, ssse3, sse4.1, sse4.2, popcnt, avx, clmul, ht, tsc, tscinvbit

/proc/cpuinfo:
processor	: 0
vendor_id	: GenuineIntel
cpu family	: 6
model		: 42
model name	: Intel(R) Core(TM) i3-2350M CPU @ 2.30GHz
stepping	: 7
microcode	: 0x1b
cpu MHz		: 2300.000
cache size	: 3072 KB
physical id	: 0
siblings	: 4
core id		: 0
cpu cores	: 2
apicid		: 0
initial apicid	: 0
fpu		: yes
fpu_exception	: yes
cpuid level	: 13
wp		: yes
flags		: fpu vme de pse tsc msr pae mce cx8 apic sep mtrr pge mca cmov pat pse36 clflush dts acpi mmx fxsr sse sse2 ss ht tm pbe syscall nx rdtscp lm constant_tsc arch_perfmon pebs bts rep_good nopl xtopology nonstop_tsc aperfmperf eagerfpu pni pclmulqdq dtes64 monitor ds_cpl vmx est tm2 ssse3 cx16 xtpr pdcm pcid sse4_1 sse4_2 x2apic popcnt tsc_deadline_timer xsave avx lahf_lm arat epb xsaveopt pln pts dtherm tpr_shadow vnmi flexpriority ept vpid
bogomips	: 4589.54
clflush size	: 64
cache_alignment	: 64
address sizes	: 36 bits physical, 48 bits virtual
power management:

processor	: 1
vendor_id	: GenuineIntel
cpu family	: 6
model		: 42
model name	: Intel(R) Core(TM) i3-2350M CPU @ 2.30GHz
stepping	: 7
microcode	: 0x1b
cpu MHz		: 2300.000
cache size	: 3072 KB
physical id	: 0
siblings	: 4
core id		: 1
cpu cores	: 2
apicid		: 2
initial apicid	: 2
fpu		: yes
fpu_exception	: yes
cpuid level	: 13
wp		: yes
flags		: fpu vme de pse tsc msr pae mce cx8 apic sep mtrr pge mca cmov pat pse36 clflush dts acpi mmx fxsr sse sse2 ss ht tm pbe syscall nx rdtscp lm constant_tsc arch_perfmon pebs bts rep_good nopl xtopology nonstop_tsc aperfmperf eagerfpu pni pclmulqdq dtes64 monitor ds_cpl vmx est tm2 ssse3 cx16 xtpr pdcm pcid sse4_1 sse4_2 x2apic popcnt tsc_deadline_timer xsave avx lahf_lm arat epb xsaveopt pln pts dtherm tpr_shadow vnmi flexpriority ept vpid
bogomips	: 4589.54
clflush size	: 64
cache_alignment	: 64
address sizes	: 36 bits physical, 48 bits virtual
power management:

processor	: 2
vendor_id	: GenuineIntel
cpu family	: 6
model		: 42
model name	: Intel(R) Core(TM) i3-2350M CPU @ 2.30GHz
stepping	: 7
microcode	: 0x1b
cpu MHz		: 2300.000
cache size	: 3072 KB
physical id	: 0
siblings	: 4
core id		: 0
cpu cores	: 2
apicid		: 1
initial apicid	: 1
fpu		: yes
fpu_exception	: yes
cpuid level	: 13
wp		: yes
flags		: fpu vme de pse tsc msr pae mce cx8 apic sep mtrr pge mca cmov pat pse36 clflush dts acpi mmx fxsr sse sse2 ss ht tm pbe syscall nx rdtscp lm constant_tsc arch_perfmon pebs bts rep_good nopl xtopology nonstop_tsc aperfmperf eagerfpu pni pclmulqdq dtes64 monitor ds_cpl vmx est tm2 ssse3 cx16 xtpr pdcm pcid sse4_1 sse4_2 x2apic popcnt tsc_deadline_timer xsave avx lahf_lm arat epb xsaveopt pln pts dtherm tpr_shadow vnmi flexpriority ept vpid
bogomips	: 4589.54
clflush size	: 64
cache_alignment	: 64
address sizes	: 36 bits physical, 48 bits virtual
power management:

processor	: 3
vendor_id	: GenuineIntel
cpu family	: 6
model		: 42
model name	: Intel(R) Core(TM) i3-2350M CPU @ 2.30GHz
stepping	: 7
microcode	: 0x1b
cpu MHz		: 2300.000
cache size	: 3072 KB
physical id	: 0
siblings	: 4
core id		: 1
cpu cores	: 2
apicid		: 3
initial apicid	: 3
fpu		: yes
fpu_exception	: yes
cpuid level	: 13
wp		: yes
flags		: fpu vme de pse tsc msr pae mce cx8 apic sep mtrr pge mca cmov pat pse36 clflush dts acpi mmx fxsr sse sse2 ss ht tm pbe syscall nx rdtscp lm constant_tsc arch_perfmon pebs bts rep_good nopl xtopology nonstop_tsc aperfmperf eagerfpu pni pclmulqdq dtes64 monitor ds_cpl vmx est tm2 ssse3 cx16 xtpr pdcm pcid sse4_1 sse4_2 x2apic popcnt tsc_deadline_timer xsave avx lahf_lm arat epb xsaveopt pln pts dtherm tpr_shadow vnmi flexpriority ept vpid
bogomips	: 4589.54
clflush size	: 64
cache_alignment	: 64
address sizes	: 36 bits physical, 48 bits virtual
power management:



Memory: 4k page, physical 3952860k(85432k free), swap 4098044k(12k free)

vm_info: Java HotSpot(TM) 64-Bit Server VM (25.45-b02) for linux-amd64 JRE (1.8.0_45-b14), built on Apr 10 2015 10:07:45 by "java_re" with gcc 4.3.0 20080428 (Red Hat 4.3.0-8)

time: Wed Jun 24 13:57:41 2015
elapsed time: 15 seconds (0d 0h 0m 15s)

